<?xml version="1.0" encoding="UTF-8"?>
<testsuite xmlns:xsi="http://www.w3.org/2001/XMLSchema-instance" xsi:noNamespaceSchemaLocation="https://maven.apache.org/surefire/maven-surefire-plugin/xsd/surefire-test-report.xsd" name="com.spring.demo.SpringbootDemoH2ApplicationTests" time="14.904" tests="1" errors="1" skipped="0" failures="0">
  <properties>
[...]
</properties>
  <testcase name="contextLoads" classname="com.spring.demo.SpringbootDemoH2ApplicationTests" time="0.003">
    <error message="Failed to load ApplicationContext" type="java.lang.IllegalStateException">java.lang.IllegalStateException: Failed to load ApplicationContext
Caused by: org.springframework.beans.factory.BeanCreationException: Error creating bean with name 'entityManagerFactory' defined in class path resource [org/springframework/boot/autoconfigure/orm/jpa/HibernateJpaConfiguration.class]: Invocation of init method failed; nested exception is javax.persistence.PersistenceException: [PersistenceUnit: default] Unable to build Hibernate SessionFactory; nested exception is org.hibernate.exception.JDBCConnectionException: Unable to open JDBC Connection for DDL execution
Caused by: javax.persistence.PersistenceException: [PersistenceUnit: default] Unable to build Hibernate SessionFactory; nested exception is org.hibernate.exception.JDBCConnectionException: Unable to open JDBC Connection for DDL execution
Caused by: org.hibernate.exception.JDBCConnectionException: Unable to open JDBC Connection for DDL execution
Caused by: java.sql.SQLNonTransientConnectionException: Could not create connection to database server. Attempted reconnect 3 times. Giving up.
Caused by: com.mysql.cj.exceptions.CJCommunicationsException: 
Communications link failure

The last packet sent successfully to the server was 0 milliseconds ago. The driver has not received any packets from the server.
Caused by: java.net.UnknownHostException: mysqldb
</error>
    <system-out><![CDATA[22:10:28.723 [main] DEBUG org.springframework.test.context.BootstrapUtils - Instantiating CacheAwareContextLoaderDelegate from class [org.springframework.test.context.cache.DefaultCacheAwareContextLoaderDelegate]
22:10:28.743 [main] DEBUG org.springframework.test.context.BootstrapUtils - Instantiating BootstrapContext using constructor [public org.springframework.test.context.support.DefaultBootstrapContext(java.lang.Class,org.springframework.test.context.CacheAwareContextLoaderDelegate)]
22:10:28.798 [main] DEBUG org.springframework.test.context.BootstrapUtils - Instantiating TestContextBootstrapper for test class [com.spring.demo.SpringbootDemoH2ApplicationTests] from class [org.springframework.boot.test.context.SpringBootTestContextBootstrapper]
22:10:28.816 [main] INFO org.springframework.boot.test.context.SpringBootTestContextBootstrapper - Neither @ContextConfiguration nor @ContextHierarchy found for test class [com.spring.demo.SpringbootDemoH2ApplicationTests], using SpringBootContextLoader
22:10:28.820 [main] DEBUG org.springframework.test.context.support.AbstractContextLoader - Did not detect default resource location for test class [com.spring.demo.SpringbootDemoH2ApplicationTests]: class path resource [com/spring/demo/SpringbootDemoH2ApplicationTests-context.xml] does not exist
22:10:28.820 [main] DEBUG org.springframework.test.context.support.AbstractContextLoader - Did not detect default resource location for test class [com.spring.demo.SpringbootDemoH2ApplicationTests]: class path resource [com/spring/demo/SpringbootDemoH2ApplicationTestsContext.groovy] does not exist
22:10:28.820 [main] INFO org.springframework.test.context.support.AbstractContextLoader - Could not detect default resource locations for test class [com.spring.demo.SpringbootDemoH2ApplicationTests]: no resource found for suffixes {-context.xml, Context.groovy}.
22:10:28.821 [main] INFO org.springframework.test.context.support.AnnotationConfigContextLoaderUtils - Could not detect default configuration classes for test class [com.spring.demo.SpringbootDemoH2ApplicationTests]: SpringbootDemoH2ApplicationTests does not declare any static, non-private, non-final, nested classes annotated with @Configuration.
22:10:28.869 [main] DEBUG org.springframework.test.context.support.ActiveProfilesUtils - Could not find an 'annotation declaring class' for annotation type [org.springframework.test.context.ActiveProfiles] and class [com.spring.demo.SpringbootDemoH2ApplicationTests]
22:10:28.940 [main] DEBUG org.springframework.context.annotation.ClassPathScanningCandidateComponentProvider - Identified candidate component class: file [/Users/yassine/Site/room/Application/Spring/target/classes/com/spring/SpringbootDemoH2Application.class]
22:10:28.941 [main] INFO org.springframework.boot.test.context.SpringBootTestContextBootstrapper - Found @SpringBootConfiguration com.spring.SpringbootDemoH2Application for test class com.spring.demo.SpringbootDemoH2ApplicationTests
22:10:29.028 [main] DEBUG org.springframework.boot.test.context.SpringBootTestContextBootstrapper - @TestExecutionListeners is not present for class [com.spring.demo.SpringbootDemoH2ApplicationTests]: using defaults.
22:10:29.028 [main] INFO org.springframework.boot.test.context.SpringBootTestContextBootstrapper - Loaded default TestExecutionListener class names from location [META-INF/spring.factories]: [org.springframework.boot.test.mock.mockito.MockitoTestExecutionListener, org.springframework.boot.test.mock.mockito.ResetMocksTestExecutionListener, org.springframework.boot.test.autoconfigure.restdocs.RestDocsTestExecutionListener, org.springframework.boot.test.autoconfigure.web.client.MockRestServiceServerResetTestExecutionListener, org.springframework.boot.test.autoconfigure.web.servlet.MockMvcPrintOnlyOnFailureTestExecutionListener, org.springframework.boot.test.autoconfigure.web.servlet.WebDriverTestExecutionListener, org.springframework.boot.test.autoconfigure.webservices.client.MockWebServiceServerTestExecutionListener, org.springframework.test.context.web.ServletTestExecutionListener, org.springframework.test.context.support.DirtiesContextBeforeModesTestExecutionListener, org.springframework.test.context.event.ApplicationEventsTestExecutionListener, org.springframework.test.context.support.DependencyInjectionTestExecutionListener, org.springframework.test.context.support.DirtiesContextTestExecutionListener, org.springframework.test.context.transaction.TransactionalTestExecutionListener, org.springframework.test.context.jdbc.SqlScriptsTestExecutionListener, org.springframework.test.context.event.EventPublishingTestExecutionListener]
22:10:29.048 [main] INFO org.springframework.boot.test.context.SpringBootTestContextBootstrapper - Using TestExecutionListeners: [org.springframework.test.context.web.ServletTestExecutionListener@2a225dd7, org.springframework.test.context.support.DirtiesContextBeforeModesTestExecutionListener@61eaec38, org.springframework.test.context.event.ApplicationEventsTestExecutionListener@125290e5, org.springframework.boot.test.mock.mockito.MockitoTestExecutionListener@6fa34d52, org.springframework.boot.test.autoconfigure.SpringBootDependencyInjectionTestExecutionListener@57576994, org.springframework.test.context.support.DirtiesContextTestExecutionListener@616ac46a, org.springframework.test.context.transaction.TransactionalTestExecutionListener@67b9b51a, org.springframework.test.context.jdbc.SqlScriptsTestExecutionListener@1205bd62, org.springframework.test.context.event.EventPublishingTestExecutionListener@7ef27d7f, org.springframework.boot.test.mock.mockito.ResetMocksTestExecutionListener@490caf5f, org.springframework.boot.test.autoconfigure.restdocs.RestDocsTestExecutionListener@6337c201, org.springframework.boot.test.autoconfigure.web.client.MockRestServiceServerResetTestExecutionListener@5c669da8, org.springframework.boot.test.autoconfigure.web.servlet.MockMvcPrintOnlyOnFailureTestExecutionListener@31920ade, org.springframework.boot.test.autoconfigure.web.servlet.WebDriverTestExecutionListener@1d483de4, org.springframework.boot.test.autoconfigure.webservices.client.MockWebServiceServerTestExecutionListener@4032d386]
22:10:29.051 [main] DEBUG org.springframework.test.context.support.AbstractDirtiesContextTestExecutionListener - Before test class: context [DefaultTestContext@df6620a testClass = SpringbootDemoH2ApplicationTests, testInstance = [null], testMethod = [null], testException = [null], mergedContextConfiguration = [WebMergedContextConfiguration@4e31276e testClass = SpringbootDemoH2ApplicationTests, locations = '{}', classes = '{class com.spring.SpringbootDemoH2Application}', contextInitializerClasses = '[]', activeProfiles = '{}', propertySourceLocations = '{}', propertySourceProperties = '{org.springframework.boot.test.context.SpringBootTestContextBootstrapper=true}', contextCustomizers = set[org.springframework.boot.test.context.filter.ExcludeFilterContextCustomizer@37883b97, org.springframework.boot.test.json.DuplicateJsonObjectContextCustomizerFactory$DuplicateJsonObjectContextCustomizer@77f80c04, org.springframework.boot.test.mock.mockito.MockitoContextCustomizer@0, org.springframework.boot.test.web.client.TestRestTemplateContextCustomizer@6a2b953e, org.springframework.boot.test.autoconfigure.actuate.metrics.MetricsExportContextCustomizerFactory$DisableMetricExportContextCustomizer@57250572, org.springframework.boot.test.autoconfigure.properties.PropertyMappingContextCustomizer@0, org.springframework.boot.test.autoconfigure.web.servlet.WebDriverContextCustomizerFactory$Customizer@11c9af63, org.springframework.boot.test.context.SpringBootTestArgs@1, org.springframework.boot.test.context.SpringBootTestWebEnvironment@eec5a4a], resourceBasePath = 'src/main/webapp', contextLoader = 'org.springframework.boot.test.context.SpringBootContextLoader', parent = [null]], attributes = map['org.springframework.test.context.web.ServletTestExecutionListener.activateListener' -> true]], class annotated with @DirtiesContext [false] with mode [null].
22:10:29.092 [main] DEBUG org.springframework.test.context.support.TestPropertySourceUtils - Adding inlined properties to environment: {spring.jmx.enabled=false, org.springframework.boot.test.context.SpringBootTestContextBootstrapper=true}
2022-12-24 22:10:29.349 TRACE 25502 --- [           main] o.s.c.e.PropertySourcesPropertyResolver  : Searching for key 'logging.register-shutdown-hook' in PropertySource 'configurationProperties'
2022-12-24 22:10:29.350 TRACE 25502 --- [           main] o.s.c.e.PropertySourcesPropertyResolver  : Searching for key 'logging.register-shutdown-hook' in PropertySource 'Inlined Test Properties'
2022-12-24 22:10:29.350 TRACE 25502 --- [           main] o.s.c.e.PropertySourcesPropertyResolver  : Searching for key 'logging.register-shutdown-hook' in PropertySource 'systemProperties'
2022-12-24 22:10:29.350 TRACE 25502 --- [           main] o.s.c.e.PropertySourcesPropertyResolver  : Searching for key 'logging.register-shutdown-hook' in PropertySource 'systemEnvironment'
2022-12-24 22:10:29.350 TRACE 25502 --- [           main] o.s.c.e.PropertySourcesPropertyResolver  : Searching for key 'logging.register-shutdown-hook' in PropertySource 'random'
2022-12-24 22:10:29.350 TRACE 25502 --- [           main] o.s.c.e.PropertySourcesPropertyResolver  : Searching for key 'logging.register-shutdown-hook' in PropertySource 'Config resource 'class path resource [application.properties]' via location 'optional:classpath:/''
2022-12-24 22:10:29.350 TRACE 25502 --- [           main] o.s.c.e.PropertySourcesPropertyResolver  : Could not find key 'logging.register-shutdown-hook' in any property source
2022-12-24 22:10:29.352 TRACE 25502 --- [           main] o.s.c.e.PropertySourcesPropertyResolver  : Searching for key 'context.listener.classes' in PropertySource 'configurationProperties'
2022-12-24 22:10:29.352 TRACE 25502 --- [           main] o.s.c.e.PropertySourcesPropertyResolver  : Searching for key 'context.listener.classes' in PropertySource 'Inlined Test Properties'
2022-12-24 22:10:29.352 TRACE 25502 --- [           main] o.s.c.e.PropertySourcesPropertyResolver  : Searching for key 'context.listener.classes' in PropertySource 'systemProperties'
2022-12-24 22:10:29.352 TRACE 25502 --- [           main] o.s.c.e.PropertySourcesPropertyResolver  : Searching for key 'context.listener.classes' in PropertySource 'systemEnvironment'
2022-12-24 22:10:29.352 TRACE 25502 --- [           main] o.s.c.e.PropertySourcesPropertyResolver  : Searching for key 'context.listener.classes' in PropertySource 'random'
2022-12-24 22:10:29.352 TRACE 25502 --- [           main] o.s.c.e.PropertySourcesPropertyResolver  : Searching for key 'context.listener.classes' in PropertySource 'Config resource 'class path resource [application.properties]' via location 'optional:classpath:/''
2022-12-24 22:10:29.353 TRACE 25502 --- [           main] o.s.c.e.PropertySourcesPropertyResolver  : Could not find key 'context.listener.classes' in any property source
2022-12-24 22:10:29.353 TRACE 25502 --- [           main] o.s.c.e.PropertySourcesPropertyResolver  : Searching for key 'spring.mandatory-file-encoding' in PropertySource 'configurationProperties'
2022-12-24 22:10:29.353 TRACE 25502 --- [           main] o.s.c.e.PropertySourcesPropertyResolver  : Searching for key 'spring.mandatory-file-encoding' in PropertySource 'Inlined Test Properties'
2022-12-24 22:10:29.353 TRACE 25502 --- [           main] o.s.c.e.PropertySourcesPropertyResolver  : Searching for key 'spring.mandatory-file-encoding' in PropertySource 'systemProperties'
2022-12-24 22:10:29.353 TRACE 25502 --- [           main] o.s.c.e.PropertySourcesPropertyResolver  : Searching for key 'spring.mandatory-file-encoding' in PropertySource 'systemEnvironment'
2022-12-24 22:10:29.354 TRACE 25502 --- [           main] o.s.c.e.PropertySourcesPropertyResolver  : Searching for key 'spring.mandatory-file-encoding' in PropertySource 'random'
2022-12-24 22:10:29.354 TRACE 25502 --- [           main] o.s.c.e.PropertySourcesPropertyResolver  : Searching for key 'spring.mandatory-file-encoding' in PropertySource 'Config resource 'class path resource [application.properties]' via location 'optional:classpath:/''
2022-12-24 22:10:29.354 TRACE 25502 --- [           main] o.s.c.e.PropertySourcesPropertyResolver  : Could not find key 'spring.mandatory-file-encoding' in any property source
2022-12-24 22:10:29.356 TRACE 25502 --- [           main] o.s.c.e.PropertySourcesPropertyResolver  : Searching for key 'spring.beaninfo.ignore' in PropertySource 'configurationProperties'
2022-12-24 22:10:29.357 TRACE 25502 --- [           main] o.s.c.e.PropertySourcesPropertyResolver  : Searching for key 'spring.beaninfo.ignore' in PropertySource 'Inlined Test Properties'
2022-12-24 22:10:29.358 TRACE 25502 --- [           main] o.s.c.e.PropertySourcesPropertyResolver  : Searching for key 'spring.beaninfo.ignore' in PropertySource 'systemProperties'
2022-12-24 22:10:29.358 TRACE 25502 --- [           main] o.s.c.e.PropertySourcesPropertyResolver  : Searching for key 'spring.beaninfo.ignore' in PropertySource 'systemEnvironment'
2022-12-24 22:10:29.358 TRACE 25502 --- [           main] o.s.c.e.PropertySourcesPropertyResolver  : Searching for key 'spring.beaninfo.ignore' in PropertySource 'random'
2022-12-24 22:10:29.358 TRACE 25502 --- [           main] o.s.c.e.PropertySourcesPropertyResolver  : Searching for key 'spring.beaninfo.ignore' in PropertySource 'Config resource 'class path resource [application.properties]' via location 'optional:classpath:/''
2022-12-24 22:10:29.358 TRACE 25502 --- [           main] o.s.c.e.PropertySourcesPropertyResolver  : Could not find key 'spring.beaninfo.ignore' in any property source
2022-12-24 22:10:29.360 TRACE 25502 --- [           main] o.s.c.e.PropertySourcesPropertyResolver  : Searching for key 'spring.banner.image.location' in PropertySource 'configurationProperties'
2022-12-24 22:10:29.361 TRACE 25502 --- [           main] o.s.c.e.PropertySourcesPropertyResolver  : Searching for key 'spring.banner.image.location' in PropertySource 'Inlined Test Properties'
2022-12-24 22:10:29.361 TRACE 25502 --- [           main] o.s.c.e.PropertySourcesPropertyResolver  : Searching for key 'spring.banner.image.location' in PropertySource 'systemProperties'
2022-12-24 22:10:29.361 TRACE 25502 --- [           main] o.s.c.e.PropertySourcesPropertyResolver  : Searching for key 'spring.banner.image.location' in PropertySource 'systemEnvironment'
2022-12-24 22:10:29.361 TRACE 25502 --- [           main] o.s.c.e.PropertySourcesPropertyResolver  : Searching for key 'spring.banner.image.location' in PropertySource 'random'
2022-12-24 22:10:29.362 TRACE 25502 --- [           main] o.s.c.e.PropertySourcesPropertyResolver  : Searching for key 'spring.banner.image.location' in PropertySource 'Config resource 'class path resource [application.properties]' via location 'optional:classpath:/''
2022-12-24 22:10:29.362 TRACE 25502 --- [           main] o.s.c.e.PropertySourcesPropertyResolver  : Could not find key 'spring.banner.image.location' in any property source
2022-12-24 22:10:29.364 TRACE 25502 --- [           main] o.s.c.e.PropertySourcesPropertyResolver  : Searching for key 'spring.banner.location' in PropertySource 'configurationProperties'
2022-12-24 22:10:29.364 TRACE 25502 --- [           main] o.s.c.e.PropertySourcesPropertyResolver  : Searching for key 'spring.banner.location' in PropertySource 'Inlined Test Properties'
2022-12-24 22:10:29.364 TRACE 25502 --- [           main] o.s.c.e.PropertySourcesPropertyResolver  : Searching for key 'spring.banner.location' in PropertySource 'systemProperties'
2022-12-24 22:10:29.364 TRACE 25502 --- [           main] o.s.c.e.PropertySourcesPropertyResolver  : Searching for key 'spring.banner.location' in PropertySource 'systemEnvironment'
2022-12-24 22:10:29.364 TRACE 25502 --- [           main] o.s.c.e.PropertySourcesPropertyResolver  : Searching for key 'spring.banner.location' in PropertySource 'random'
2022-12-24 22:10:29.364 TRACE 25502 --- [           main] o.s.c.e.PropertySourcesPropertyResolver  : Searching for key 'spring.banner.location' in PropertySource 'Config resource 'class path resource [application.properties]' via location 'optional:classpath:/''
2022-12-24 22:10:29.364 TRACE 25502 --- [           main] o.s.c.e.PropertySourcesPropertyResolver  : Could not find key 'spring.banner.location' in any property source

  .   ____          _            __ _ _
 /\\ / ___'_ __ _ _(_)_ __  __ _ \ \ \ \
( ( )\___ | '_ | '_| | '_ \/ _` | \ \ \ \
 \\/  ___)| |_)| | | | | || (_| |  ) ) ) )
  '  |____| .__|_| |_|_| |_\__, | / / / /
 =========|_|==============|___/=/_/_/_/
 :: Spring Boot ::                (v2.5.3)

2022-12-24 22:10:29.396 TRACE 25502 --- [           main] o.s.c.e.PropertySourcesPropertyResolver  : Searching for key 'context.initializer.classes' in PropertySource 'configurationProperties'
2022-12-24 22:10:29.396 TRACE 25502 --- [           main] o.s.c.e.PropertySourcesPropertyResolver  : Searching for key 'context.initializer.classes' in PropertySource 'Inlined Test Properties'
2022-12-24 22:10:29.396 TRACE 25502 --- [           main] o.s.c.e.PropertySourcesPropertyResolver  : Searching for key 'context.initializer.classes' in PropertySource 'systemProperties'
2022-12-24 22:10:29.396 TRACE 25502 --- [           main] o.s.c.e.PropertySourcesPropertyResolver  : Searching for key 'context.initializer.classes' in PropertySource 'systemEnvironment'
2022-12-24 22:10:29.397 TRACE 25502 --- [           main] o.s.c.e.PropertySourcesPropertyResolver  : Searching for key 'context.initializer.classes' in PropertySource 'random'
2022-12-24 22:10:29.397 TRACE 25502 --- [           main] o.s.c.e.PropertySourcesPropertyResolver  : Searching for key 'context.initializer.classes' in PropertySource 'Config resource 'class path resource [application.properties]' via location 'optional:classpath:/''
2022-12-24 22:10:29.397 TRACE 25502 --- [           main] o.s.c.e.PropertySourcesPropertyResolver  : Could not find key 'context.initializer.classes' in any property source
2022-12-24 22:10:29.398 TRACE 25502 --- [           main] o.s.c.e.PropertySourcesPropertyResolver  : Searching for key 'spring.application.name' in PropertySource 'configurationProperties'
2022-12-24 22:10:29.399 DEBUG 25502 --- [           main] o.s.c.e.PropertySourcesPropertyResolver  : Found key 'spring.application.name' in PropertySource 'configurationProperties' with value of type String
2022-12-24 22:10:29.417  INFO 25502 --- [           main] c.s.d.SpringbootDemoH2ApplicationTests   : Starting SpringbootDemoH2ApplicationTests using Java 19.0.1 on Wrath with PID 25502 (started by yassine in /Users/yassine/Site/room/Application/Spring)
2022-12-24 22:10:29.418 DEBUG 25502 --- [           main] c.s.d.SpringbootDemoH2ApplicationTests   : Running with Spring Boot v2.5.3, Spring v5.3.9
2022-12-24 22:10:29.418 TRACE 25502 --- [           main] o.s.c.e.PropertySourcesPropertyResolver  : Searching for key 'spring.profiles.active' in PropertySource 'configurationProperties'
2022-12-24 22:10:29.419 TRACE 25502 --- [           main] o.s.c.e.PropertySourcesPropertyResolver  : Searching for key 'spring.profiles.active' in PropertySource 'test'
2022-12-24 22:10:29.419 TRACE 25502 --- [           main] o.s.c.e.PropertySourcesPropertyResolver  : Searching for key 'spring.profiles.active' in PropertySource 'Inlined Test Properties'
2022-12-24 22:10:29.420 TRACE 25502 --- [           main] o.s.c.e.PropertySourcesPropertyResolver  : Searching for key 'spring.profiles.active' in PropertySource 'systemProperties'
2022-12-24 22:10:29.420 TRACE 25502 --- [           main] o.s.c.e.PropertySourcesPropertyResolver  : Searching for key 'spring.profiles.active' in PropertySource 'systemEnvironment'
2022-12-24 22:10:29.420 TRACE 25502 --- [           main] o.s.c.e.PropertySourcesPropertyResolver  : Searching for key 'spring.profiles.active' in PropertySource 'random'
2022-12-24 22:10:29.420 TRACE 25502 --- [           main] o.s.c.e.PropertySourcesPropertyResolver  : Searching for key 'spring.profiles.active' in PropertySource 'Config resource 'class path resource [application.properties]' via location 'optional:classpath:/''
2022-12-24 22:10:29.420 TRACE 25502 --- [           main] o.s.c.e.PropertySourcesPropertyResolver  : Could not find key 'spring.profiles.active' in any property source
2022-12-24 22:10:29.420 TRACE 25502 --- [           main] o.s.c.e.PropertySourcesPropertyResolver  : Searching for key 'spring.profiles.default' in PropertySource 'configurationProperties'
2022-12-24 22:10:29.420 TRACE 25502 --- [           main] o.s.c.e.PropertySourcesPropertyResolver  : Searching for key 'spring.profiles.default' in PropertySource 'test'
2022-12-24 22:10:29.421 TRACE 25502 --- [           main] o.s.c.e.PropertySourcesPropertyResolver  : Searching for key 'spring.profiles.default' in PropertySource 'Inlined Test Properties'
2022-12-24 22:10:29.421 TRACE 25502 --- [           main] o.s.c.e.PropertySourcesPropertyResolver  : Searching for key 'spring.profiles.default' in PropertySource 'systemProperties'
2022-12-24 22:10:29.421 TRACE 25502 --- [           main] o.s.c.e.PropertySourcesPropertyResolver  : Searching for key 'spring.profiles.default' in PropertySource 'systemEnvironment'
2022-12-24 22:10:29.421 TRACE 25502 --- [           main] o.s.c.e.PropertySourcesPropertyResolver  : Searching for key 'spring.profiles.default' in PropertySource 'random'
2022-12-24 22:10:29.421 TRACE 25502 --- [           main] o.s.c.e.PropertySourcesPropertyResolver  : Searching for key 'spring.profiles.default' in PropertySource 'Config resource 'class path resource [application.properties]' via location 'optional:classpath:/''
2022-12-24 22:10:29.422 TRACE 25502 --- [           main] o.s.c.e.PropertySourcesPropertyResolver  : Could not find key 'spring.profiles.default' in any property source
2022-12-24 22:10:29.422  INFO 25502 --- [           main] c.s.d.SpringbootDemoH2ApplicationTests   : No active profile set, falling back to default profiles: default
2022-12-24 22:10:29.422 DEBUG 25502 --- [           main] o.s.boot.SpringApplication               : Loading source class com.spring.SpringbootDemoH2Application
2022-12-24 22:10:29.442 TRACE 25502 --- [           main] o.s.c.a.ClassPathBeanDefinitionScanner   : JSR-250 'javax.annotation.ManagedBean' found and supported for component scanning
2022-12-24 22:10:29.458 DEBUG 25502 --- [           main] o.s.w.c.s.GenericWebApplicationContext   : Refreshing org.springframework.web.context.support.GenericWebApplicationContext@2e54db99
2022-12-24 22:10:29.467 TRACE 25502 --- [           main] o.s.b.f.s.DefaultListableBeanFactory     : Registering scope 'request' with implementation [org.springframework.web.context.request.RequestScope@53499d85]
2022-12-24 22:10:29.468 TRACE 25502 --- [           main] o.s.b.f.s.DefaultListableBeanFactory     : Registering scope 'session' with implementation [org.springframework.web.context.request.SessionScope@59fc684e]
2022-12-24 22:10:29.468 TRACE 25502 --- [           main] o.s.b.f.s.DefaultListableBeanFactory     : Registering scope 'application' with implementation [org.springframework.web.context.support.ServletContextScope@1133ec6e]
2022-12-24 22:10:29.486 DEBUG 25502 --- [           main] o.s.b.f.s.DefaultListableBeanFactory     : Creating shared instance of singleton bean 'org.springframework.context.annotation.internalConfigurationAnnotationProcessor'
2022-12-24 22:10:29.487 TRACE 25502 --- [           main] o.s.b.f.s.DefaultListableBeanFactory     : Creating instance of bean 'org.springframework.context.annotation.internalConfigurationAnnotationProcessor'
2022-12-24 22:10:29.494 TRACE 25502 --- [           main] o.s.b.f.s.DefaultListableBeanFactory     : Eagerly caching bean 'org.springframework.context.annotation.internalConfigurationAnnotationProcessor' to allow for resolving potential circular references
2022-12-24 22:10:29.506 DEBUG 25502 --- [           main] o.s.b.f.s.DefaultListableBeanFactory     : Creating shared instance of singleton bean 'org.springframework.boot.autoconfigure.internalCachingMetadataReaderFactory'
2022-12-24 22:10:29.506 TRACE 25502 --- [           main] o.s.b.f.s.DefaultListableBeanFactory     : Creating instance of bean 'org.springframework.boot.autoconfigure.internalCachingMetadataReaderFactory'
2022-12-24 22:10:29.506 TRACE 25502 --- [           main] o.s.b.f.s.DefaultListableBeanFactory     : Eagerly caching bean 'org.springframework.boot.autoconfigure.internalCachingMetadataReaderFactory' to allow for resolving potential circular references
2022-12-24 22:10:29.509 TRACE 25502 --- [           main] o.s.b.f.s.DefaultListableBeanFactory     : Finished creating instance of bean 'org.springframework.boot.autoconfigure.internalCachingMetadataReaderFactory'
2022-12-24 22:10:29.512 TRACE 25502 --- [           main] o.s.c.io.support.SpringFactoriesLoader   : Loaded [org.springframework.beans.BeanInfoFactory] names: [org.springframework.beans.ExtendedBeanInfoFactory]
2022-12-24 22:10:29.513 TRACE 25502 --- [           main] o.s.beans.CachedIntrospectionResults     : Getting BeanInfo for class [org.springframework.context.annotation.ConfigurationClassPostProcessor]
2022-12-24 22:10:29.521 TRACE 25502 --- [           main] o.s.beans.CachedIntrospectionResults     : Caching PropertyDescriptors for class [org.springframework.context.annotation.ConfigurationClassPostProcessor]
2022-12-24 22:10:29.521 TRACE 25502 --- [           main] o.s.beans.CachedIntrospectionResults     : Found bean property 'applicationStartup' of type [org.springframework.core.metrics.ApplicationStartup]
2022-12-24 22:10:29.521 TRACE 25502 --- [           main] o.s.beans.CachedIntrospectionResults     : Found bean property 'beanClassLoader' of type [java.lang.ClassLoader]
2022-12-24 22:10:29.522 TRACE 25502 --- [           main] o.s.beans.CachedIntrospectionResults     : Found bean property 'beanNameGenerator' of type [org.springframework.beans.factory.support.BeanNameGenerator]
2022-12-24 22:10:29.522 TRACE 25502 --- [           main] o.s.beans.CachedIntrospectionResults     : Found bean property 'class' of type [java.lang.Class]
2022-12-24 22:10:29.522 TRACE 25502 --- [           main] o.s.beans.CachedIntrospectionResults     : Found bean property 'environment' of type [org.springframework.core.env.Environment]
2022-12-24 22:10:29.522 TRACE 25502 --- [           main] o.s.beans.CachedIntrospectionResults     : Found bean property 'metadataReaderFactory' of type [org.springframework.core.type.classreading.MetadataReaderFactory]
2022-12-24 22:10:29.522 TRACE 25502 --- [           main] o.s.beans.CachedIntrospectionResults     : Found bean property 'order' of type [int]
2022-12-24 22:10:29.523 TRACE 25502 --- [           main] o.s.beans.CachedIntrospectionResults     : Found bean property 'problemReporter' of type [org.springframework.beans.factory.parsing.ProblemReporter]
2022-12-24 22:10:29.523 TRACE 25502 --- [           main] o.s.beans.CachedIntrospectionResults     : Found bean property 'resourceLoader' of type [org.springframework.core.io.ResourceLoader]
2022-12-24 22:10:29.523 TRACE 25502 --- [           main] o.s.beans.CachedIntrospectionResults     : Found bean property 'sourceExtractor' of type [org.springframework.beans.factory.parsing.SourceExtractor]
2022-12-24 22:10:29.532 TRACE 25502 --- [           main] o.s.b.f.s.DefaultListableBeanFactory     : Finished creating instance of bean 'org.springframework.context.annotation.internalConfigurationAnnotationProcessor'
2022-12-24 22:10:29.542 TRACE 25502 --- [           main] o.s.c.a.ClassPathBeanDefinitionScanner   : JSR-250 'javax.annotation.ManagedBean' found and supported for component scanning
2022-12-24 22:10:29.545 TRACE 25502 --- [           main] .i.s.PathMatchingResourcePatternResolver : Resolved classpath location [com/spring/] to resources [URL [file:/Users/yassine/Site/room/Application/Spring/target/test-classes/com/spring/], URL [file:/Users/yassine/Site/room/Application/Spring/target/classes/com/spring/]]
2022-12-24 22:10:29.545 TRACE 25502 --- [           main] .i.s.PathMatchingResourcePatternResolver : Looking for matching resources in directory tree [/Users/yassine/Site/room/Application/Spring/target/test-classes/com/spring]
2022-12-24 22:10:29.546 TRACE 25502 --- [           main] .i.s.PathMatchingResourcePatternResolver : Searching directory [/Users/yassine/Site/room/Application/Spring/target/test-classes/com/spring] for files matching pattern [/Users/yassine/Site/room/Application/Spring/target/test-classes/com/spring/**/*.class]
2022-12-24 22:10:29.546 TRACE 25502 --- [           main] .i.s.PathMatchingResourcePatternResolver : Searching directory [/Users/yassine/Site/room/Application/Spring/target/test-classes/com/spring/demo] for files matching pattern [/Users/yassine/Site/room/Application/Spring/target/test-classes/com/spring/**/*.class]
2022-12-24 22:10:29.547 TRACE 25502 --- [           main] .i.s.PathMatchingResourcePatternResolver : Looking for matching resources in directory tree [/Users/yassine/Site/room/Application/Spring/target/classes/com/spring]
2022-12-24 22:10:29.547 TRACE 25502 --- [           main] .i.s.PathMatchingResourcePatternResolver : Searching directory [/Users/yassine/Site/room/Application/Spring/target/classes/com/spring] for files matching pattern [/Users/yassine/Site/room/Application/Spring/target/classes/com/spring/**/*.class]
2022-12-24 22:10:29.547 TRACE 25502 --- [           main] .i.s.PathMatchingResourcePatternResolver : Searching directory [/Users/yassine/Site/room/Application/Spring/target/classes/com/spring/config] for files matching pattern [/Users/yassine/Site/room/Application/Spring/target/classes/com/spring/**/*.class]
2022-12-24 22:10:29.548 TRACE 25502 --- [           main] .i.s.PathMatchingResourcePatternResolver : Searching directory [/Users/yassine/Site/room/Application/Spring/target/classes/com/spring/controller] for files matching pattern [/Users/yassine/Site/room/Application/Spring/target/classes/com/spring/**/*.class]
2022-12-24 22:10:29.548 TRACE 25502 --- [           main] .i.s.PathMatchingResourcePatternResolver : Searching directory [/Users/yassine/Site/room/Application/Spring/target/classes/com/spring/controller/api] for files matching pattern [/Users/yassine/Site/room/Application/Spring/target/classes/com/spring/**/*.class]
2022-12-24 22:10:29.549 TRACE 25502 --- [           main] .i.s.PathMatchingResourcePatternResolver : Searching directory [/Users/yassine/Site/room/Application/Spring/target/classes/com/spring/entity] for files matching pattern [/Users/yassine/Site/room/Application/Spring/target/classes/com/spring/**/*.class]
2022-12-24 22:10:29.549 TRACE 25502 --- [           main] .i.s.PathMatchingResourcePatternResolver : Searching directory [/Users/yassine/Site/room/Application/Spring/target/classes/com/spring/entity/jwt] for files matching pattern [/Users/yassine/Site/room/Application/Spring/target/classes/com/spring/**/*.class]
2022-12-24 22:10:29.549 TRACE 25502 --- [           main] .i.s.PathMatchingResourcePatternResolver : Searching directory [/Users/yassine/Site/room/Application/Spring/target/classes/com/spring/enums] for files matching pattern [/Users/yassine/Site/room/Application/Spring/target/classes/com/spring/**/*.class]
2022-12-24 22:10:29.550 TRACE 25502 --- [           main] .i.s.PathMatchingResourcePatternResolver : Searching directory [/Users/yassine/Site/room/Application/Spring/target/classes/com/spring/repository] for files matching pattern [/Users/yassine/Site/room/Application/Spring/target/classes/com/spring/**/*.class]
2022-12-24 22:10:29.550 TRACE 25502 --- [           main] .i.s.PathMatchingResourcePatternResolver : Searching directory [/Users/yassine/Site/room/Application/Spring/target/classes/com/spring/seeder] for files matching pattern [/Users/yassine/Site/room/Application/Spring/target/classes/com/spring/**/*.class]
2022-12-24 22:10:29.551 TRACE 25502 --- [           main] .i.s.PathMatchingResourcePatternResolver : Searching directory [/Users/yassine/Site/room/Application/Spring/target/classes/com/spring/service] for files matching pattern [/Users/yassine/Site/room/Application/Spring/target/classes/com/spring/**/*.class]
2022-12-24 22:10:29.551 TRACE 25502 --- [           main] .i.s.PathMatchingResourcePatternResolver : Searching directory [/Users/yassine/Site/room/Application/Spring/target/classes/com/spring/util] for files matching pattern [/Users/yassine/Site/room/Application/Spring/target/classes/com/spring/**/*.class]
2022-12-24 22:10:29.552 TRACE 25502 --- [           main] .i.s.PathMatchingResourcePatternResolver : Resolved location pattern [classpath*:com/spring/**/*.class] to resources [file [/Users/yassine/Site/room/Application/Spring/target/test-classes/com/spring/demo/SpringbootDemoH2ApplicationTests.class], file [/Users/yassine/Site/room/Application/Spring/target/classes/com/spring/ScheduledLog.class], file [/Users/yassine/Site/room/Application/Spring/target/classes/com/spring/SpringbootDemoH2Application.class], file [/Users/yassine/Site/room/Application/Spring/target/classes/com/spring/config/CorsConfig$1.class], file [/Users/yassine/Site/room/Application/Spring/target/classes/com/spring/config/CorsConfig.class], file [/Users/yassine/Site/room/Application/Spring/target/classes/com/spring/config/JwtAuthenticationEntityPoint.class], file [/Users/yassine/Site/room/Application/Spring/target/classes/com/spring/config/JwtRequestFilter.class], file [/Users/yassine/Site/room/Application/Spring/target/classes/com/spring/config/WebSecurityConfiguration.class], file [/Users/yassine/Site/room/Application/Spring/target/classes/com/spring/controller/api/AuthController.class], file [/Users/yassine/Site/room/Application/Spring/target/classes/com/spring/controller/api/UserController.class], file [/Users/yassine/Site/room/Application/Spring/target/classes/com/spring/entity/Role.class], file [/Users/yassine/Site/room/Application/Spring/target/classes/com/spring/entity/User.class], file [/Users/yassine/Site/room/Application/Spring/target/classes/com/spring/entity/jwt/JwtRequest.class], file [/Users/yassine/Site/room/Application/Spring/target/classes/com/spring/entity/jwt/JwtResponse.class], file [/Users/yassine/Site/room/Application/Spring/target/classes/com/spring/enums/RoleEnum.class], file [/Users/yassine/Site/room/Application/Spring/target/classes/com/spring/repository/RoleRepository.class], file [/Users/yassine/Site/room/Application/Spring/target/classes/com/spring/repository/UserRepository.class], file [/Users/yassine/Site/room/Application/Spring/target/classes/com/spring/seeder/RoleSeeder.class], file [/Users/yassine/Site/room/Application/Spring/target/classes/com/spring/seeder/UserSeeder.class], file [/Users/yassine/Site/room/Application/Spring/target/classes/com/spring/service/JwtService.class], file [/Users/yassine/Site/room/Application/Spring/target/classes/com/spring/service/RoleService.class], file [/Users/yassine/Site/room/Application/Spring/target/classes/com/spring/service/UserService.class], file [/Users/yassine/Site/room/Application/Spring/target/classes/com/spring/util/JwtUtil.class]]
2022-12-24 22:10:29.552 TRACE 25502 --- [           main] o.s.c.a.ClassPathBeanDefinitionScanner   : Scanning file [/Users/yassine/Site/room/Application/Spring/target/test-classes/com/spring/demo/SpringbootDemoH2ApplicationTests.class]
2022-12-24 22:10:29.553 TRACE 25502 --- [           main] o.s.b.f.s.DefaultListableBeanFactory     : Returning cached instance of singleton bean 'org.springframework.boot.test.context.filter.TestTypeExcludeFilter'
2022-12-24 22:10:29.553 TRACE 25502 --- [           main] o.s.c.a.ClassPathBeanDefinitionScanner   : Ignored because not matching any filter: file [/Users/yassine/Site/room/Application/Spring/target/test-classes/com/spring/demo/SpringbootDemoH2ApplicationTests.class]
2022-12-24 22:10:29.554 TRACE 25502 --- [           main] o.s.c.a.ClassPathBeanDefinitionScanner   : Scanning file [/Users/yassine/Site/room/Application/Spring/target/classes/com/spring/ScheduledLog.class]
2022-12-24 22:10:29.554 DEBUG 25502 --- [           main] o.s.c.a.ClassPathBeanDefinitionScanner   : Identified candidate component class: file [/Users/yassine/Site/room/Application/Spring/target/classes/com/spring/ScheduledLog.class]
2022-12-24 22:10:29.554 TRACE 25502 --- [           main] o.s.c.a.ClassPathBeanDefinitionScanner   : Scanning file [/Users/yassine/Site/room/Application/Spring/target/classes/com/spring/SpringbootDemoH2Application.class]
2022-12-24 22:10:29.555 TRACE 25502 --- [           main] o.s.c.a.ClassPathBeanDefinitionScanner   : Ignored because not matching any filter: file [/Users/yassine/Site/room/Application/Spring/target/classes/com/spring/SpringbootDemoH2Application.class]
2022-12-24 22:10:29.555 TRACE 25502 --- [           main] o.s.c.a.ClassPathBeanDefinitionScanner   : Scanning file [/Users/yassine/Site/room/Application/Spring/target/classes/com/spring/config/CorsConfig$1.class]
2022-12-24 22:10:29.557 TRACE 25502 --- [           main] o.s.c.a.ClassPathBeanDefinitionScanner   : Ignored because not matching any filter: file [/Users/yassine/Site/room/Application/Spring/target/classes/com/spring/config/CorsConfig$1.class]
2022-12-24 22:10:29.557 TRACE 25502 --- [           main] o.s.c.a.ClassPathBeanDefinitionScanner   : Scanning file [/Users/yassine/Site/room/Application/Spring/target/classes/com/spring/config/CorsConfig.class]
2022-12-24 22:10:29.557 DEBUG 25502 --- [           main] o.s.c.a.ClassPathBeanDefinitionScanner   : Identified candidate component class: file [/Users/yassine/Site/room/Application/Spring/target/classes/com/spring/config/CorsConfig.class]
2022-12-24 22:10:29.558 TRACE 25502 --- [           main] o.s.c.a.ClassPathBeanDefinitionScanner   : Scanning file [/Users/yassine/Site/room/Application/Spring/target/classes/com/spring/config/JwtAuthenticationEntityPoint.class]
2022-12-24 22:10:29.566 DEBUG 25502 --- [           main] o.s.c.a.ClassPathBeanDefinitionScanner   : Identified candidate component class: file [/Users/yassine/Site/room/Application/Spring/target/classes/com/spring/config/JwtAuthenticationEntityPoint.class]
2022-12-24 22:10:29.566 TRACE 25502 --- [           main] o.s.c.a.ClassPathBeanDefinitionScanner   : Scanning file [/Users/yassine/Site/room/Application/Spring/target/classes/com/spring/config/JwtRequestFilter.class]
2022-12-24 22:10:29.567 DEBUG 25502 --- [           main] o.s.c.a.ClassPathBeanDefinitionScanner   : Identified candidate component class: file [/Users/yassine/Site/room/Application/Spring/target/classes/com/spring/config/JwtRequestFilter.class]
2022-12-24 22:10:29.568 TRACE 25502 --- [           main] o.s.c.a.ClassPathBeanDefinitionScanner   : Scanning file [/Users/yassine/Site/room/Application/Spring/target/classes/com/spring/config/WebSecurityConfiguration.class]
2022-12-24 22:10:29.570 DEBUG 25502 --- [           main] o.s.c.a.ClassPathBeanDefinitionScanner   : Identified candidate component class: file [/Users/yassine/Site/room/Application/Spring/target/classes/com/spring/config/WebSecurityConfiguration.class]
2022-12-24 22:10:29.571 TRACE 25502 --- [           main] o.s.c.a.ClassPathBeanDefinitionScanner   : Scanning file [/Users/yassine/Site/room/Application/Spring/target/classes/com/spring/controller/api/AuthController.class]
2022-12-24 22:10:29.581 DEBUG 25502 --- [           main] o.s.c.a.ClassPathBeanDefinitionScanner   : Identified candidate component class: file [/Users/yassine/Site/room/Application/Spring/target/classes/com/spring/controller/api/AuthController.class]
2022-12-24 22:10:29.581 TRACE 25502 --- [           main] o.s.c.a.ClassPathBeanDefinitionScanner   : Scanning file [/Users/yassine/Site/room/Application/Spring/target/classes/com/spring/controller/api/UserController.class]
2022-12-24 22:10:29.584 DEBUG 25502 --- [           main] o.s.c.a.ClassPathBeanDefinitionScanner   : Identified candidate component class: file [/Users/yassine/Site/room/Application/Spring/target/classes/com/spring/controller/api/UserController.class]
2022-12-24 22:10:29.584 TRACE 25502 --- [           main] o.s.c.a.ClassPathBeanDefinitionScanner   : Scanning file [/Users/yassine/Site/room/Application/Spring/target/classes/com/spring/entity/Role.class]
2022-12-24 22:10:29.585 TRACE 25502 --- [           main] o.s.c.a.ClassPathBeanDefinitionScanner   : Ignored because not matching any filter: file [/Users/yassine/Site/room/Application/Spring/target/classes/com/spring/entity/Role.class]
2022-12-24 22:10:29.585 TRACE 25502 --- [           main] o.s.c.a.ClassPathBeanDefinitionScanner   : Scanning file [/Users/yassine/Site/room/Application/Spring/target/classes/com/spring/entity/User.class]
2022-12-24 22:10:29.586 TRACE 25502 --- [           main] o.s.c.a.ClassPathBeanDefinitionScanner   : Ignored because not matching any filter: file [/Users/yassine/Site/room/Application/Spring/target/classes/com/spring/entity/User.class]
2022-12-24 22:10:29.586 TRACE 25502 --- [           main] o.s.c.a.ClassPathBeanDefinitionScanner   : Scanning file [/Users/yassine/Site/room/Application/Spring/target/classes/com/spring/entity/jwt/JwtRequest.class]
2022-12-24 22:10:29.587 TRACE 25502 --- [           main] o.s.c.a.ClassPathBeanDefinitionScanner   : Ignored because not matching any filter: file [/Users/yassine/Site/room/Application/Spring/target/classes/com/spring/entity/jwt/JwtRequest.class]
2022-12-24 22:10:29.587 TRACE 25502 --- [           main] o.s.c.a.ClassPathBeanDefinitionScanner   : Scanning file [/Users/yassine/Site/room/Application/Spring/target/classes/com/spring/entity/jwt/JwtResponse.class]
2022-12-24 22:10:29.587 TRACE 25502 --- [           main] o.s.c.a.ClassPathBeanDefinitionScanner   : Ignored because not matching any filter: file [/Users/yassine/Site/room/Application/Spring/target/classes/com/spring/entity/jwt/JwtResponse.class]
2022-12-24 22:10:29.587 TRACE 25502 --- [           main] o.s.c.a.ClassPathBeanDefinitionScanner   : Scanning file [/Users/yassine/Site/room/Application/Spring/target/classes/com/spring/enums/RoleEnum.class]
2022-12-24 22:10:29.588 TRACE 25502 --- [           main] o.s.c.a.ClassPathBeanDefinitionScanner   : Ignored because not matching any filter: file [/Users/yassine/Site/room/Application/Spring/target/classes/com/spring/enums/RoleEnum.class]
2022-12-24 22:10:29.588 TRACE 25502 --- [           main] o.s.c.a.ClassPathBeanDefinitionScanner   : Scanning file [/Users/yassine/Site/room/Application/Spring/target/classes/com/spring/repository/RoleRepository.class]
2022-12-24 22:10:29.590 DEBUG 25502 --- [           main] o.s.c.a.ClassPathBeanDefinitionScanner   : Ignored because not a concrete top-level class: file [/Users/yassine/Site/room/Application/Spring/target/classes/com/spring/repository/RoleRepository.class]
2022-12-24 22:10:29.590 TRACE 25502 --- [           main] o.s.c.a.ClassPathBeanDefinitionScanner   : Scanning file [/Users/yassine/Site/room/Application/Spring/target/classes/com/spring/repository/UserRepository.class]
2022-12-24 22:10:29.591 DEBUG 25502 --- [           main] o.s.c.a.ClassPathBeanDefinitionScanner   : Ignored because not a concrete top-level class: file [/Users/yassine/Site/room/Application/Spring/target/classes/com/spring/repository/UserRepository.class]
2022-12-24 22:10:29.591 TRACE 25502 --- [           main] o.s.c.a.ClassPathBeanDefinitionScanner   : Scanning file [/Users/yassine/Site/room/Application/Spring/target/classes/com/spring/seeder/RoleSeeder.class]
2022-12-24 22:10:29.592 DEBUG 25502 --- [           main] o.s.c.a.ClassPathBeanDefinitionScanner   : Identified candidate component class: file [/Users/yassine/Site/room/Application/Spring/target/classes/com/spring/seeder/RoleSeeder.class]
2022-12-24 22:10:29.592 TRACE 25502 --- [           main] o.s.c.a.ClassPathBeanDefinitionScanner   : Scanning file [/Users/yassine/Site/room/Application/Spring/target/classes/com/spring/seeder/UserSeeder.class]
2022-12-24 22:10:29.593 DEBUG 25502 --- [           main] o.s.c.a.ClassPathBeanDefinitionScanner   : Identified candidate component class: file [/Users/yassine/Site/room/Application/Spring/target/classes/com/spring/seeder/UserSeeder.class]
2022-12-24 22:10:29.593 TRACE 25502 --- [           main] o.s.c.a.ClassPathBeanDefinitionScanner   : Scanning file [/Users/yassine/Site/room/Application/Spring/target/classes/com/spring/service/JwtService.class]
2022-12-24 22:10:29.595 DEBUG 25502 --- [           main] o.s.c.a.ClassPathBeanDefinitionScanner   : Identified candidate component class: file [/Users/yassine/Site/room/Application/Spring/target/classes/com/spring/service/JwtService.class]
2022-12-24 22:10:29.595 TRACE 25502 --- [           main] o.s.c.a.ClassPathBeanDefinitionScanner   : Scanning file [/Users/yassine/Site/room/Application/Spring/target/classes/com/spring/service/RoleService.class]
2022-12-24 22:10:29.596 DEBUG 25502 --- [           main] o.s.c.a.ClassPathBeanDefinitionScanner   : Identified candidate component class: file [/Users/yassine/Site/room/Application/Spring/target/classes/com/spring/service/RoleService.class]
2022-12-24 22:10:29.596 TRACE 25502 --- [           main] o.s.c.a.ClassPathBeanDefinitionScanner   : Scanning file [/Users/yassine/Site/room/Application/Spring/target/classes/com/spring/service/UserService.class]
2022-12-24 22:10:29.596 DEBUG 25502 --- [           main] o.s.c.a.ClassPathBeanDefinitionScanner   : Identified candidate component class: file [/Users/yassine/Site/room/Application/Spring/target/classes/com/spring/service/UserService.class]
2022-12-24 22:10:29.597 TRACE 25502 --- [           main] o.s.c.a.ClassPathBeanDefinitionScanner   : Scanning file [/Users/yassine/Site/room/Application/Spring/target/classes/com/spring/util/JwtUtil.class]
2022-12-24 22:10:29.597 DEBUG 25502 --- [           main] o.s.c.a.ClassPathBeanDefinitionScanner   : Identified candidate component class: file [/Users/yassine/Site/room/Application/Spring/target/classes/com/spring/util/JwtUtil.class]
2022-12-24 22:10:29.646 TRACE 25502 --- [           main] o.s.c.e.PropertySourcesPropertyResolver  : Searching for key 'spring.boot.enableautoconfiguration' in PropertySource 'configurationProperties'
2022-12-24 22:10:29.646 TRACE 25502 --- [           main] o.s.c.e.PropertySourcesPropertyResolver  : Searching for key 'spring.boot.enableautoconfiguration' in PropertySource 'test'
2022-12-24 22:10:29.646 TRACE 25502 --- [           main] o.s.c.e.PropertySourcesPropertyResolver  : Searching for key 'spring.boot.enableautoconfiguration' in PropertySource 'Inlined Test Properties'
2022-12-24 22:10:29.646 TRACE 25502 --- [           main] o.s.c.e.PropertySourcesPropertyResolver  : Searching for key 'spring.boot.enableautoconfiguration' in PropertySource 'systemProperties'
2022-12-24 22:10:29.646 TRACE 25502 --- [           main] o.s.c.e.PropertySourcesPropertyResolver  : Searching for key 'spring.boot.enableautoconfiguration' in PropertySource 'systemEnvironment'
2022-12-24 22:10:29.646 TRACE 25502 --- [           main] o.s.c.e.PropertySourcesPropertyResolver  : Searching for key 'spring.boot.enableautoconfiguration' in PropertySource 'random'
2022-12-24 22:10:29.646 TRACE 25502 --- [           main] o.s.c.e.PropertySourcesPropertyResolver  : Searching for key 'spring.boot.enableautoconfiguration' in PropertySource 'Config resource 'class path resource [application.properties]' via location 'optional:classpath:/''
2022-12-24 22:10:29.646 TRACE 25502 --- [           main] o.s.c.e.PropertySourcesPropertyResolver  : Could not find key 'spring.boot.enableautoconfiguration' in any property source
2022-12-24 22:10:29.648 TRACE 25502 --- [           main] o.s.c.io.support.SpringFactoriesLoader   : Loaded [org.springframework.boot.autoconfigure.AutoConfigurationImportFilter] names: [org.springframework.boot.autoconfigure.condition.OnBeanCondition, org.springframework.boot.autoconfigure.condition.OnClassCondition, org.springframework.boot.autoconfigure.condition.OnWebApplicationCondition]
2022-12-24 22:10:29.662 TRACE 25502 --- [           main] o.s.b.f.s.DefaultListableBeanFactory     : Returning cached instance of singleton bean 'autoConfigurationReport'
2022-12-24 22:10:29.696 TRACE 25502 --- [           main] o.s.b.f.s.DefaultListableBeanFactory     : Returning cached instance of singleton bean 'autoConfigurationReport'
2022-12-24 22:10:29.697 TRACE 25502 --- [           main] o.s.b.f.s.DefaultListableBeanFactory     : Returning cached instance of singleton bean 'autoConfigurationReport'
2022-12-24 22:10:29.699 TRACE 25502 --- [           main] o.s.c.io.support.SpringFactoriesLoader   : Loaded [org.springframework.boot.autoconfigure.AutoConfigurationImportListener] names: [org.springframework.boot.autoconfigure.condition.ConditionEvaluationReportAutoConfigurationImportListener]
2022-12-24 22:10:29.700 TRACE 25502 --- [           main] o.s.b.f.s.DefaultListableBeanFactory     : Returning cached instance of singleton bean 'autoConfigurationReport'
2022-12-24 22:10:29.706 TRACE 25502 --- [           main] o.s.b.f.s.DefaultListableBeanFactory     : Returning cached instance of singleton bean 'org.springframework.boot.autoconfigure.internalCachingMetadataReaderFactory'
2022-12-24 22:10:29.726 TRACE 25502 --- [           main] o.s.b.f.s.DefaultListableBeanFactory     : Returning cached instance of singleton bean 'autoConfigurationReport'
2022-12-24 22:10:29.726 TRACE 25502 --- [           main] o.s.b.f.s.DefaultListableBeanFactory     : Returning cached instance of singleton bean 'autoConfigurationReport'
2022-12-24 22:10:29.726 TRACE 25502 --- [           main] o.s.b.f.s.DefaultListableBeanFactory     : Returning cached instance of singleton bean 'autoConfigurationReport'
2022-12-24 22:10:29.727 TRACE 25502 --- [           main] o.s.b.f.s.DefaultListableBeanFactory     : Returning cached instance of singleton bean 'autoConfigurationReport'
2022-12-24 22:10:29.727 TRACE 25502 --- [           main] o.s.b.f.s.DefaultListableBeanFactory     : Returning cached instance of singleton bean 'autoConfigurationReport'
2022-12-24 22:10:29.727 TRACE 25502 --- [           main] o.s.b.f.s.DefaultListableBeanFactory     : Returning cached instance of singleton bean 'autoConfigurationReport'
2022-12-24 22:10:29.730 TRACE 25502 --- [           main] o.s.c.e.PropertySourcesPropertyResolver  : Searching for key 'spring.messages.basename' in PropertySource 'configurationProperties'
2022-12-24 22:10:29.730 TRACE 25502 --- [           main] o.s.c.e.PropertySourcesPropertyResolver  : Searching for key 'spring.messages.basename' in PropertySource 'test'
2022-12-24 22:10:29.730 TRACE 25502 --- [           main] o.s.c.e.PropertySourcesPropertyResolver  : Searching for key 'spring.messages.basename' in PropertySource 'Inlined Test Properties'
2022-12-24 22:10:29.730 TRACE 25502 --- [           main] o.s.c.e.PropertySourcesPropertyResolver  : Searching for key 'spring.messages.basename' in PropertySource 'systemProperties'
2022-12-24 22:10:29.730 TRACE 25502 --- [           main] o.s.c.e.PropertySourcesPropertyResolver  : Searching for key 'spring.messages.basename' in PropertySource 'systemEnvironment'
2022-12-24 22:10:29.730 TRACE 25502 --- [           main] o.s.c.e.PropertySourcesPropertyResolver  : Searching for key 'spring.messages.basename' in PropertySource 'random'
2022-12-24 22:10:29.730 TRACE 25502 --- [           main] o.s.c.e.PropertySourcesPropertyResolver  : Searching for key 'spring.messages.basename' in PropertySource 'Config resource 'class path resource [application.properties]' via location 'optional:classpath:/''
2022-12-24 22:10:29.731 TRACE 25502 --- [           main] o.s.c.e.PropertySourcesPropertyResolver  : Could not find key 'spring.messages.basename' in any property source
2022-12-24 22:10:29.731 TRACE 25502 --- [           main] .i.s.PathMatchingResourcePatternResolver : Resolved classpath location [messages.properties] to resources []
2022-12-24 22:10:29.731 TRACE 25502 --- [           main] o.s.b.f.s.DefaultListableBeanFactory     : Returning cached instance of singleton bean 'autoConfigurationReport'
2022-12-24 22:10:29.731 TRACE 25502 --- [           main] o.s.b.f.s.DefaultListableBeanFactory     : Returning cached instance of singleton bean 'autoConfigurationReport'
2022-12-24 22:10:29.731 TRACE 25502 --- [           main] o.s.b.f.s.DefaultListableBeanFactory     : Returning cached instance of singleton bean 'autoConfigurationReport'
2022-12-24 22:10:29.731 TRACE 25502 --- [           main] o.s.b.f.s.DefaultListableBeanFactory     : Returning cached instance of singleton bean 'autoConfigurationReport'
2022-12-24 22:10:29.731 TRACE 25502 --- [           main] o.s.b.f.s.DefaultListableBeanFactory     : Returning cached instance of singleton bean 'autoConfigurationReport'
2022-12-24 22:10:29.731 TRACE 25502 --- [           main] o.s.b.f.s.DefaultListableBeanFactory     : Returning cached instance of singleton bean 'autoConfigurationReport'
2022-12-24 22:10:29.732 TRACE 25502 --- [           main] o.s.b.f.s.DefaultListableBeanFactory     : Returning cached instance of singleton bean 'autoConfigurationReport'
2022-12-24 22:10:29.732 TRACE 25502 --- [           main] o.s.b.f.s.DefaultListableBeanFactory     : Returning cached instance of singleton bean 'autoConfigurationReport'
2022-12-24 22:10:29.732 TRACE 25502 --- [           main] o.s.b.f.s.DefaultListableBeanFactory     : Returning cached instance of singleton bean 'autoConfigurationReport'
2022-12-24 22:10:29.732 TRACE 25502 --- [           main] o.s.b.f.s.DefaultListableBeanFactory     : Returning cached instance of singleton bean 'autoConfigurationReport'
2022-12-24 22:10:29.733 TRACE 25502 --- [           main] o.s.b.f.s.DefaultListableBeanFactory     : Returning cached instance of singleton bean 'autoConfigurationReport'
2022-12-24 22:10:29.733 TRACE 25502 --- [           main] o.s.b.f.s.DefaultListableBeanFactory     : Returning cached instance of singleton bean 'autoConfigurationReport'
2022-12-24 22:10:29.733 TRACE 25502 --- [           main] o.s.b.f.s.DefaultListableBeanFactory     : Returning cached instance of singleton bean 'autoConfigurationReport'
2022-12-24 22:10:29.733 TRACE 25502 --- [           main] o.s.b.f.s.DefaultListableBeanFactory     : Returning cached instance of singleton bean 'autoConfigurationReport'
2022-12-24 22:10:29.733 TRACE 25502 --- [           main] o.s.b.f.s.DefaultListableBeanFactory     : Returning cached instance of singleton bean 'autoConfigurationReport'
2022-12-24 22:10:29.733 TRACE 25502 --- [           main] o.s.b.f.s.DefaultListableBeanFactory     : Returning cached instance of singleton bean 'autoConfigurationReport'
2022-12-24 22:10:29.734 TRACE 25502 --- [           main] o.s.b.f.s.DefaultListableBeanFactory     : Returning cached instance of singleton bean 'autoConfigurationReport'
2022-12-24 22:10:29.734 TRACE 25502 --- [           main] o.s.b.f.s.DefaultListableBeanFactory     : Returning cached instance of singleton bean 'autoConfigurationReport'
2022-12-24 22:10:29.734 TRACE 25502 --- [           main] o.s.b.f.s.DefaultListableBeanFactory     : Returning cached instance of singleton bean 'autoConfigurationReport'
2022-12-24 22:10:29.734 TRACE 25502 --- [           main] o.s.b.f.s.DefaultListableBeanFactory     : Returning cached instance of singleton bean 'autoConfigurationReport'
2022-12-24 22:10:29.735 TRACE 25502 --- [           main] o.s.b.f.s.DefaultListableBeanFactory     : Returning cached instance of singleton bean 'autoConfigurationReport'
2022-12-24 22:10:29.737 TRACE 25502 --- [           main] o.s.b.f.s.DefaultListableBeanFactory     : Returning cached instance of singleton bean 'autoConfigurationReport'
2022-12-24 22:10:29.737 TRACE 25502 --- [           main] o.s.b.f.s.DefaultListableBeanFactory     : Returning cached instance of singleton bean 'autoConfigurationReport'
2022-12-24 22:10:29.738 TRACE 25502 --- [           main] o.s.b.f.s.DefaultListableBeanFactory     : Returning cached instance of singleton bean 'autoConfigurationReport'
2022-12-24 22:10:29.741 TRACE 25502 --- [           main] o.s.b.f.s.DefaultListableBeanFactory     : Returning cached instance of singleton bean 'autoConfigurationReport'
2022-12-24 22:10:29.742 TRACE 25502 --- [           main] o.s.b.f.s.DefaultListableBeanFactory     : Returning cached instance of singleton bean 'autoConfigurationReport'
2022-12-24 22:10:29.742 TRACE 25502 --- [           main] o.s.b.f.s.DefaultListableBeanFactory     : Returning cached instance of singleton bean 'autoConfigurationReport'
2022-12-24 22:10:29.742 TRACE 25502 --- [           main] o.s.b.f.s.DefaultListableBeanFactory     : Returning cached instance of singleton bean 'autoConfigurationReport'
2022-12-24 22:10:29.744 TRACE 25502 --- [           main] o.s.b.f.s.DefaultListableBeanFactory     : Returning cached instance of singleton bean 'autoConfigurationReport'
2022-12-24 22:10:29.745 TRACE 25502 --- [           main] o.s.b.f.s.DefaultListableBeanFactory     : Returning cached instance of singleton bean 'autoConfigurationReport'
2022-12-24 22:10:29.745 TRACE 25502 --- [           main] o.s.b.f.s.DefaultListableBeanFactory     : Returning cached instance of singleton bean 'autoConfigurationReport'
2022-12-24 22:10:29.745 TRACE 25502 --- [           main] o.s.b.f.s.DefaultListableBeanFactory     : Returning cached instance of singleton bean 'autoConfigurationReport'
2022-12-24 22:10:29.745 TRACE 25502 --- [           main] o.s.b.f.s.DefaultListableBeanFactory     : Returning cached instance of singleton bean 'autoConfigurationReport'
2022-12-24 22:10:29.745 TRACE 25502 --- [           main] o.s.b.f.s.DefaultListableBeanFactory     : Returning cached instance of singleton bean 'autoConfigurationReport'
2022-12-24 22:10:29.751 TRACE 25502 --- [           main] o.s.b.f.s.DefaultListableBeanFactory     : Returning cached instance of singleton bean 'autoConfigurationReport'
2022-12-24 22:10:29.751 TRACE 25502 --- [           main] o.s.b.f.s.DefaultListableBeanFactory     : Returning cached instance of singleton bean 'autoConfigurationReport'
2022-12-24 22:10:29.751 TRACE 25502 --- [           main] o.s.b.f.s.DefaultListableBeanFactory     : Returning cached instance of singleton bean 'autoConfigurationReport'
2022-12-24 22:10:29.751 TRACE 25502 --- [           main] o.s.b.f.s.DefaultListableBeanFactory     : Returning cached instance of singleton bean 'autoConfigurationReport'
2022-12-24 22:10:29.751 TRACE 25502 --- [           main] o.s.b.f.s.DefaultListableBeanFactory     : Returning cached instance of singleton bean 'autoConfigurationReport'
2022-12-24 22:10:29.756 TRACE 25502 --- [           main] o.s.b.f.s.DefaultListableBeanFactory     : Returning cached instance of singleton bean 'autoConfigurationReport'
2022-12-24 22:10:29.756 TRACE 25502 --- [           main] o.s.b.f.s.DefaultListableBeanFactory     : Returning cached instance of singleton bean 'autoConfigurationReport'
2022-12-24 22:10:29.756 TRACE 25502 --- [           main] o.s.b.f.s.DefaultListableBeanFactory     : Returning cached instance of singleton bean 'autoConfigurationReport'
2022-12-24 22:10:29.756 TRACE 25502 --- [           main] o.s.b.f.s.DefaultListableBeanFactory     : Returning cached instance of singleton bean 'autoConfigurationReport'
2022-12-24 22:10:29.758 TRACE 25502 --- [           main] o.s.b.f.s.DefaultListableBeanFactory     : Returning cached instance of singleton bean 'autoConfigurationReport'
2022-12-24 22:10:29.758 TRACE 25502 --- [           main] o.s.b.f.s.DefaultListableBeanFactory     : Returning cached instance of singleton bean 'autoConfigurationReport'
2022-12-24 22:10:29.759 TRACE 25502 --- [           main] o.s.b.f.s.DefaultListableBeanFactory     : Returning cached instance of singleton bean 'autoConfigurationReport'
2022-12-24 22:10:29.759 TRACE 25502 --- [           main] o.s.b.f.s.DefaultListableBeanFactory     : Returning cached instance of singleton bean 'autoConfigurationReport'
2022-12-24 22:10:29.759 TRACE 25502 --- [           main] o.s.b.f.s.DefaultListableBeanFactory     : Returning cached instance of singleton bean 'autoConfigurationReport'
2022-12-24 22:10:29.759 TRACE 25502 --- [           main] o.s.b.f.s.DefaultListableBeanFactory     : Returning cached instance of singleton bean 'autoConfigurationReport'
2022-12-24 22:10:29.759 TRACE 25502 --- [           main] o.s.b.f.s.DefaultListableBeanFactory     : Returning cached instance of singleton bean 'autoConfigurationReport'
2022-12-24 22:10:29.759 TRACE 25502 --- [           main] o.s.b.f.s.DefaultListableBeanFactory     : Returning cached instance of singleton bean 'autoConfigurationReport'
2022-12-24 22:10:29.760 TRACE 25502 --- [           main] o.s.b.f.s.DefaultListableBeanFactory     : Returning cached instance of singleton bean 'autoConfigurationReport'
2022-12-24 22:10:29.761 TRACE 25502 --- [           main] o.s.b.f.s.DefaultListableBeanFactory     : Returning cached instance of singleton bean 'autoConfigurationReport'
2022-12-24 22:10:29.761 TRACE 25502 --- [           main] o.s.b.f.s.DefaultListableBeanFactory     : Returning cached instance of singleton bean 'autoConfigurationReport'
2022-12-24 22:10:29.761 TRACE 25502 --- [           main] o.s.b.f.s.DefaultListableBeanFactory     : Returning cached instance of singleton bean 'autoConfigurationReport'
2022-12-24 22:10:29.761 TRACE 25502 --- [           main] o.s.b.f.s.DefaultListableBeanFactory     : Returning cached instance of singleton bean 'autoConfigurationReport'
2022-12-24 22:10:29.764 TRACE 25502 --- [           main] o.s.b.f.s.DefaultListableBeanFactory     : Returning cached instance of singleton bean 'autoConfigurationReport'
2022-12-24 22:10:29.769 TRACE 25502 --- [           main] o.s.b.f.s.DefaultListableBeanFactory     : Returning cached instance of singleton bean 'autoConfigurationReport'
2022-12-24 22:10:29.769 TRACE 25502 --- [           main] o.s.b.f.s.DefaultListableBeanFactory     : Returning cached instance of singleton bean 'autoConfigurationReport'
2022-12-24 22:10:29.769 TRACE 25502 --- [           main] o.s.b.f.s.DefaultListableBeanFactory     : Returning cached instance of singleton bean 'autoConfigurationReport'
2022-12-24 22:10:29.769 TRACE 25502 --- [           main] o.s.b.f.s.DefaultListableBeanFactory     : Returning cached instance of singleton bean 'autoConfigurationReport'
2022-12-24 22:10:29.770 TRACE 25502 --- [           main] o.s.b.f.s.DefaultListableBeanFactory     : Returning cached instance of singleton bean 'autoConfigurationReport'
2022-12-24 22:10:29.770 TRACE 25502 --- [           main] o.s.b.f.s.DefaultListableBeanFactory     : Returning cached instance of singleton bean 'autoConfigurationReport'
2022-12-24 22:10:29.770 TRACE 25502 --- [           main] o.s.b.f.s.DefaultListableBeanFactory     : Returning cached instance of singleton bean 'autoConfigurationReport'
2022-12-24 22:10:29.771 TRACE 25502 --- [           main] o.s.b.f.s.DefaultListableBeanFactory     : Returning cached instance of singleton bean 'autoConfigurationReport'
2022-12-24 22:10:29.771 TRACE 25502 --- [           main] o.s.b.f.s.DefaultListableBeanFactory     : Returning cached instance of singleton bean 'autoConfigurationReport'
2022-12-24 22:10:29.772 TRACE 25502 --- [           main] o.s.b.f.s.DefaultListableBeanFactory     : Returning cached instance of singleton bean 'autoConfigurationReport'
2022-12-24 22:10:29.772 TRACE 25502 --- [           main] o.s.b.f.s.DefaultListableBeanFactory     : Returning cached instance of singleton bean 'autoConfigurationReport'
2022-12-24 22:10:29.773 TRACE 25502 --- [           main] o.s.b.f.s.DefaultListableBeanFactory     : Returning cached instance of singleton bean 'autoConfigurationReport'
2022-12-24 22:10:29.773 TRACE 25502 --- [           main] o.s.b.f.s.DefaultListableBeanFactory     : Returning cached instance of singleton bean 'autoConfigurationReport'
2022-12-24 22:10:29.773 TRACE 25502 --- [           main] o.s.b.f.s.DefaultListableBeanFactory     : Returning cached instance of singleton bean 'autoConfigurationReport'
2022-12-24 22:10:29.773 TRACE 25502 --- [           main] o.s.b.f.s.DefaultListableBeanFactory     : Returning cached instance of singleton bean 'autoConfigurationReport'
2022-12-24 22:10:29.773 TRACE 25502 --- [           main] o.s.b.f.s.DefaultListableBeanFactory     : Returning cached instance of singleton bean 'autoConfigurationReport'
2022-12-24 22:10:29.773 TRACE 25502 --- [           main] o.s.b.f.s.DefaultListableBeanFactory     : Returning cached instance of singleton bean 'autoConfigurationReport'
2022-12-24 22:10:29.774 TRACE 25502 --- [           main] o.s.b.f.s.DefaultListableBeanFactory     : Returning cached instance of singleton bean 'autoConfigurationReport'
2022-12-24 22:10:29.774 TRACE 25502 --- [           main] o.s.b.f.s.DefaultListableBeanFactory     : Returning cached instance of singleton bean 'autoConfigurationReport'
2022-12-24 22:10:29.775 TRACE 25502 --- [           main] o.s.b.f.s.DefaultListableBeanFactory     : Returning cached instance of singleton bean 'autoConfigurationReport'
2022-12-24 22:10:29.775 TRACE 25502 --- [           main] o.s.b.f.s.DefaultListableBeanFactory     : Returning cached instance of singleton bean 'autoConfigurationReport'
2022-12-24 22:10:29.775 TRACE 25502 --- [           main] o.s.b.f.s.DefaultListableBeanFactory     : Returning cached instance of singleton bean 'autoConfigurationReport'
2022-12-24 22:10:29.775 TRACE 25502 --- [           main] o.s.b.f.s.DefaultListableBeanFactory     : Returning cached instance of singleton bean 'autoConfigurationReport'
2022-12-24 22:10:29.775 TRACE 25502 --- [           main] o.s.b.f.s.DefaultListableBeanFactory     : Returning cached instance of singleton bean 'autoConfigurationReport'
2022-12-24 22:10:29.775 TRACE 25502 --- [           main] o.s.b.f.s.DefaultListableBeanFactory     : Returning cached instance of singleton bean 'autoConfigurationReport'
2022-12-24 22:10:29.775 TRACE 25502 --- [           main] o.s.b.f.s.DefaultListableBeanFactory     : Returning cached instance of singleton bean 'autoConfigurationReport'
2022-12-24 22:10:29.776 TRACE 25502 --- [           main] o.s.b.f.s.DefaultListableBeanFactory     : Returning cached instance of singleton bean 'autoConfigurationReport'
2022-12-24 22:10:29.777 TRACE 25502 --- [           main] o.s.b.f.s.DefaultListableBeanFactory     : Returning cached instance of singleton bean 'autoConfigurationReport'
2022-12-24 22:10:29.777 TRACE 25502 --- [           main] o.s.b.f.s.DefaultListableBeanFactory     : Returning cached instance of singleton bean 'autoConfigurationReport'
2022-12-24 22:10:29.777 TRACE 25502 --- [           main] o.s.b.f.s.DefaultListableBeanFactory     : Returning cached instance of singleton bean 'autoConfigurationReport'
2022-12-24 22:10:29.778 TRACE 25502 --- [           main] o.s.b.f.s.DefaultListableBeanFactory     : Returning cached instance of singleton bean 'autoConfigurationReport'
2022-12-24 22:10:29.778 TRACE 25502 --- [           main] o.s.b.f.s.DefaultListableBeanFactory     : Returning cached instance of singleton bean 'autoConfigurationReport'
2022-12-24 22:10:29.778 TRACE 25502 --- [           main] o.s.b.f.s.DefaultListableBeanFactory     : Returning cached instance of singleton bean 'autoConfigurationReport'
2022-12-24 22:10:29.778 TRACE 25502 --- [           main] o.s.b.f.s.DefaultListableBeanFactory     : Returning cached instance of singleton bean 'autoConfigurationReport'
2022-12-24 22:10:29.778 TRACE 25502 --- [           main] o.s.b.f.s.DefaultListableBeanFactory     : Returning cached instance of singleton bean 'autoConfigurationReport'
2022-12-24 22:10:29.779 TRACE 25502 --- [           main] o.s.b.f.s.DefaultListableBeanFactory     : Returning cached instance of singleton bean 'autoConfigurationReport'
2022-12-24 22:10:29.779 TRACE 25502 --- [           main] o.s.b.f.s.DefaultListableBeanFactory     : Returning cached instance of singleton bean 'autoConfigurationReport'
2022-12-24 22:10:29.779 TRACE 25502 --- [           main] o.s.b.f.s.DefaultListableBeanFactory     : Returning cached instance of singleton bean 'autoConfigurationReport'
2022-12-24 22:10:29.779 TRACE 25502 --- [           main] o.s.b.f.s.DefaultListableBeanFactory     : Returning cached instance of singleton bean 'autoConfigurationReport'
2022-12-24 22:10:29.779 TRACE 25502 --- [           main] o.s.b.f.s.DefaultListableBeanFactory     : Returning cached instance of singleton bean 'autoConfigurationReport'
2022-12-24 22:10:29.784 TRACE 25502 --- [           main] o.s.b.f.s.DefaultListableBeanFactory     : Returning cached instance of singleton bean 'autoConfigurationReport'
2022-12-24 22:10:29.786 TRACE 25502 --- [           main] o.s.c.io.support.SpringFactoriesLoader   : Loaded [org.springframework.boot.autoconfigure.template.TemplateAvailabilityProvider] names: [org.springframework.boot.autoconfigure.freemarker.FreeMarkerTemplateAvailabilityProvider, org.springframework.boot.autoconfigure.mustache.MustacheTemplateAvailabilityProvider, org.springframework.boot.autoconfigure.groovy.template.GroovyTemplateAvailabilityProvider, org.springframework.boot.autoconfigure.thymeleaf.ThymeleafTemplateAvailabilityProvider, org.springframework.boot.autoconfigure.web.servlet.JspTemplateAvailabilityProvider]
2022-12-24 22:10:29.790 TRACE 25502 --- [           main] o.s.c.e.PropertySourcesPropertyResolver  : Searching for key 'spring.template.provider.cache' in PropertySource 'configurationProperties'
2022-12-24 22:10:29.790 TRACE 25502 --- [           main] o.s.c.e.PropertySourcesPropertyResolver  : Searching for key 'spring.template.provider.cache' in PropertySource 'test'
2022-12-24 22:10:29.790 TRACE 25502 --- [           main] o.s.c.e.PropertySourcesPropertyResolver  : Searching for key 'spring.template.provider.cache' in PropertySource 'Inlined Test Properties'
2022-12-24 22:10:29.790 TRACE 25502 --- [           main] o.s.c.e.PropertySourcesPropertyResolver  : Searching for key 'spring.template.provider.cache' in PropertySource 'systemProperties'
2022-12-24 22:10:29.790 TRACE 25502 --- [           main] o.s.c.e.PropertySourcesPropertyResolver  : Searching for key 'spring.template.provider.cache' in PropertySource 'systemEnvironment'
2022-12-24 22:10:29.790 TRACE 25502 --- [           main] o.s.c.e.PropertySourcesPropertyResolver  : Searching for key 'spring.template.provider.cache' in PropertySource 'random'
2022-12-24 22:10:29.790 TRACE 25502 --- [           main] o.s.c.e.PropertySourcesPropertyResolver  : Searching for key 'spring.template.provider.cache' in PropertySource 'Config resource 'class path resource [application.properties]' via location 'optional:classpath:/''
2022-12-24 22:10:29.790 TRACE 25502 --- [           main] o.s.c.e.PropertySourcesPropertyResolver  : Could not find key 'spring.template.provider.cache' in any property source
2022-12-24 22:10:29.792 TRACE 25502 --- [           main] o.s.b.f.s.DefaultListableBeanFactory     : Returning cached instance of singleton bean 'autoConfigurationReport'
2022-12-24 22:10:29.792 TRACE 25502 --- [           main] o.s.b.f.s.DefaultListableBeanFactory     : Returning cached instance of singleton bean 'autoConfigurationReport'
2022-12-24 22:10:29.792 TRACE 25502 --- [           main] o.s.b.f.s.DefaultListableBeanFactory     : Returning cached instance of singleton bean 'autoConfigurationReport'
2022-12-24 22:10:29.792 TRACE 25502 --- [           main] o.s.b.f.s.DefaultListableBeanFactory     : Returning cached instance of singleton bean 'autoConfigurationReport'
2022-12-24 22:10:29.793 TRACE 25502 --- [           main] o.s.b.f.s.DefaultListableBeanFactory     : Returning cached instance of singleton bean 'autoConfigurationReport'
2022-12-24 22:10:29.793 TRACE 25502 --- [           main] o.s.b.f.s.DefaultListableBeanFactory     : Returning cached instance of singleton bean 'autoConfigurationReport'
2022-12-24 22:10:29.793 TRACE 25502 --- [           main] o.s.b.f.s.DefaultListableBeanFactory     : Returning cached instance of singleton bean 'autoConfigurationReport'
2022-12-24 22:10:29.794 TRACE 25502 --- [           main] o.s.b.f.s.DefaultListableBeanFactory     : Returning cached instance of singleton bean 'autoConfigurationReport'
2022-12-24 22:10:29.794 TRACE 25502 --- [           main] o.s.b.f.s.DefaultListableBeanFactory     : Returning cached instance of singleton bean 'autoConfigurationReport'
2022-12-24 22:10:29.794 TRACE 25502 --- [           main] o.s.b.f.s.DefaultListableBeanFactory     : Returning cached instance of singleton bean 'autoConfigurationReport'
2022-12-24 22:10:29.794 TRACE 25502 --- [           main] o.s.b.f.s.DefaultListableBeanFactory     : Returning cached instance of singleton bean 'autoConfigurationReport'
2022-12-24 22:10:29.794 TRACE 25502 --- [           main] o.s.b.f.s.DefaultListableBeanFactory     : Returning cached instance of singleton bean 'autoConfigurationReport'
2022-12-24 22:10:29.794 TRACE 25502 --- [           main] o.s.b.f.s.DefaultListableBeanFactory     : Returning cached instance of singleton bean 'autoConfigurationReport'
2022-12-24 22:10:29.796 TRACE 25502 --- [           main] o.s.b.f.s.DefaultListableBeanFactory     : Returning cached instance of singleton bean 'autoConfigurationReport'
2022-12-24 22:10:29.796 TRACE 25502 --- [           main] o.s.b.f.s.DefaultListableBeanFactory     : Returning cached instance of singleton bean 'autoConfigurationReport'
2022-12-24 22:10:29.796 TRACE 25502 --- [           main] o.s.b.f.s.DefaultListableBeanFactory     : Returning cached instance of singleton bean 'autoConfigurationReport'
2022-12-24 22:10:29.796 TRACE 25502 --- [           main] o.s.b.f.s.DefaultListableBeanFactory     : Returning cached instance of singleton bean 'autoConfigurationReport'
2022-12-24 22:10:29.796 TRACE 25502 --- [           main] o.s.b.f.s.DefaultListableBeanFactory     : Returning cached instance of singleton bean 'autoConfigurationReport'
2022-12-24 22:10:29.801 TRACE 25502 --- [           main] o.s.b.f.s.DefaultListableBeanFactory     : Returning cached instance of singleton bean 'autoConfigurationReport'
2022-12-24 22:10:29.801 TRACE 25502 --- [           main] o.s.b.f.s.DefaultListableBeanFactory     : Returning cached instance of singleton bean 'autoConfigurationReport'
2022-12-24 22:10:29.801 TRACE 25502 --- [           main] o.s.b.f.s.DefaultListableBeanFactory     : Returning cached instance of singleton bean 'autoConfigurationReport'
2022-12-24 22:10:29.803 TRACE 25502 --- [           main] o.s.b.f.s.DefaultListableBeanFactory     : Returning cached instance of singleton bean 'autoConfigurationReport'
2022-12-24 22:10:29.803 TRACE 25502 --- [           main] o.s.b.f.s.DefaultListableBeanFactory     : Returning cached instance of singleton bean 'autoConfigurationReport'
2022-12-24 22:10:29.803 TRACE 25502 --- [           main] o.s.b.f.s.DefaultListableBeanFactory     : Returning cached instance of singleton bean 'autoConfigurationReport'
2022-12-24 22:10:29.814 TRACE 25502 --- [           main] o.s.c.e.PropertySourcesPropertyResolver  : Searching for key 'spring.web.resources.chain.strategy.fixed.enabled' in PropertySource 'configurationProperties'
2022-12-24 22:10:29.815 TRACE 25502 --- [           main] o.s.c.e.PropertySourcesPropertyResolver  : Searching for key 'spring.web.resources.chain.strategy.fixed.enabled' in PropertySource 'test'
2022-12-24 22:10:29.815 TRACE 25502 --- [           main] o.s.c.e.PropertySourcesPropertyResolver  : Searching for key 'spring.web.resources.chain.strategy.fixed.enabled' in PropertySource 'Inlined Test Properties'
2022-12-24 22:10:29.815 TRACE 25502 --- [           main] o.s.c.e.PropertySourcesPropertyResolver  : Searching for key 'spring.web.resources.chain.strategy.fixed.enabled' in PropertySource 'systemProperties'
2022-12-24 22:10:29.815 TRACE 25502 --- [           main] o.s.c.e.PropertySourcesPropertyResolver  : Searching for key 'spring.web.resources.chain.strategy.fixed.enabled' in PropertySource 'systemEnvironment'
2022-12-24 22:10:29.815 TRACE 25502 --- [           main] o.s.c.e.PropertySourcesPropertyResolver  : Searching for key 'spring.web.resources.chain.strategy.fixed.enabled' in PropertySource 'random'
2022-12-24 22:10:29.815 TRACE 25502 --- [           main] o.s.c.e.PropertySourcesPropertyResolver  : Searching for key 'spring.web.resources.chain.strategy.fixed.enabled' in PropertySource 'Config resource 'class path resource [application.properties]' via location 'optional:classpath:/''
2022-12-24 22:10:29.815 TRACE 25502 --- [           main] o.s.c.e.PropertySourcesPropertyResolver  : Could not find key 'spring.web.resources.chain.strategy.fixed.enabled' in any property source
2022-12-24 22:10:29.815 TRACE 25502 --- [           main] o.s.c.e.PropertySourcesPropertyResolver  : Searching for key 'spring.web.resources.chain.strategy.content.enabled' in PropertySource 'configurationProperties'
2022-12-24 22:10:29.815 TRACE 25502 --- [           main] o.s.c.e.PropertySourcesPropertyResolver  : Searching for key 'spring.web.resources.chain.strategy.content.enabled' in PropertySource 'test'
2022-12-24 22:10:29.815 TRACE 25502 --- [           main] o.s.c.e.PropertySourcesPropertyResolver  : Searching for key 'spring.web.resources.chain.strategy.content.enabled' in PropertySource 'Inlined Test Properties'
2022-12-24 22:10:29.815 TRACE 25502 --- [           main] o.s.c.e.PropertySourcesPropertyResolver  : Searching for key 'spring.web.resources.chain.strategy.content.enabled' in PropertySource 'systemProperties'
2022-12-24 22:10:29.815 TRACE 25502 --- [           main] o.s.c.e.PropertySourcesPropertyResolver  : Searching for key 'spring.web.resources.chain.strategy.content.enabled' in PropertySource 'systemEnvironment'
[...]
	at java.base/java.util.stream.StreamSpliterators$WrappingSpliterator.forEachRemaining(StreamSpliterators.java:310) ~[na:na]
	at java.base/java.util.stream.Streams$ConcatSpliterator.forEachRemaining(Streams.java:735) ~[na:na]
	at java.base/java.util.stream.Streams$ConcatSpliterator.forEachRemaining(Streams.java:734) ~[na:na]
	at java.base/java.util.stream.ReferencePipeline$Head.forEach(ReferencePipeline.java:762) ~[na:na]
	at org.junit.jupiter.engine.descriptor.ClassBasedTestDescriptor.invokeTestInstancePostProcessors(ClassBasedTestDescriptor.java:349) ~[junit-jupiter-engine-5.7.2.jar:5.7.2]
	at org.junit.jupiter.engine.descriptor.ClassBasedTestDescriptor.lambda$instantiateAndPostProcessTestInstance$4(ClassBasedTestDescriptor.java:270) ~[junit-jupiter-engine-5.7.2.jar:5.7.2]
	at org.junit.platform.engine.support.hierarchical.ThrowableCollector.execute(ThrowableCollector.java:73) ~[junit-platform-engine-1.7.2.jar:1.7.2]
	at org.junit.jupiter.engine.descriptor.ClassBasedTestDescriptor.instantiateAndPostProcessTestInstance(ClassBasedTestDescriptor.java:269) ~[junit-jupiter-engine-5.7.2.jar:5.7.2]
	at org.junit.jupiter.engine.descriptor.ClassBasedTestDescriptor.lambda$testInstancesProvider$2(ClassBasedTestDescriptor.java:259) ~[junit-jupiter-engine-5.7.2.jar:5.7.2]
	at java.base/java.util.Optional.orElseGet(Optional.java:364) ~[na:na]
	at org.junit.jupiter.engine.descriptor.ClassBasedTestDescriptor.lambda$testInstancesProvider$3(ClassBasedTestDescriptor.java:258) ~[junit-jupiter-engine-5.7.2.jar:5.7.2]
	at org.junit.jupiter.engine.execution.TestInstancesProvider.getTestInstances(TestInstancesProvider.java:31) ~[junit-jupiter-engine-5.7.2.jar:5.7.2]
	at org.junit.jupiter.engine.descriptor.TestMethodTestDescriptor.lambda$prepare$0(TestMethodTestDescriptor.java:101) ~[junit-jupiter-engine-5.7.2.jar:5.7.2]
	at org.junit.platform.engine.support.hierarchical.ThrowableCollector.execute(ThrowableCollector.java:73) ~[junit-platform-engine-1.7.2.jar:1.7.2]
	at org.junit.jupiter.engine.descriptor.TestMethodTestDescriptor.prepare(TestMethodTestDescriptor.java:100) ~[junit-jupiter-engine-5.7.2.jar:5.7.2]
	at org.junit.jupiter.engine.descriptor.TestMethodTestDescriptor.prepare(TestMethodTestDescriptor.java:65) ~[junit-jupiter-engine-5.7.2.jar:5.7.2]
	at org.junit.platform.engine.support.hierarchical.NodeTestTask.lambda$prepare$1(NodeTestTask.java:111) ~[junit-platform-engine-1.7.2.jar:1.7.2]
	at org.junit.platform.engine.support.hierarchical.ThrowableCollector.execute(ThrowableCollector.java:73) ~[junit-platform-engine-1.7.2.jar:1.7.2]
	at org.junit.platform.engine.support.hierarchical.NodeTestTask.prepare(NodeTestTask.java:111) ~[junit-platform-engine-1.7.2.jar:1.7.2]
	at org.junit.platform.engine.support.hierarchical.NodeTestTask.execute(NodeTestTask.java:79) ~[junit-platform-engine-1.7.2.jar:1.7.2]
	at java.base/java.util.ArrayList.forEach(ArrayList.java:1511) ~[na:na]
	at org.junit.platform.engine.support.hierarchical.SameThreadHierarchicalTestExecutorService.invokeAll(SameThreadHierarchicalTestExecutorService.java:38) ~[junit-platform-engine-1.7.2.jar:1.7.2]
	at org.junit.platform.engine.support.hierarchical.NodeTestTask.lambda$executeRecursively$5(NodeTestTask.java:143) ~[junit-platform-engine-1.7.2.jar:1.7.2]
	at org.junit.platform.engine.support.hierarchical.ThrowableCollector.execute(ThrowableCollector.java:73) ~[junit-platform-engine-1.7.2.jar:1.7.2]
	at org.junit.platform.engine.support.hierarchical.NodeTestTask.lambda$executeRecursively$7(NodeTestTask.java:129) ~[junit-platform-engine-1.7.2.jar:1.7.2]
	at org.junit.platform.engine.support.hierarchical.Node.around(Node.java:137) ~[junit-platform-engine-1.7.2.jar:1.7.2]
	at org.junit.platform.engine.support.hierarchical.NodeTestTask.lambda$executeRecursively$8(NodeTestTask.java:127) ~[junit-platform-engine-1.7.2.jar:1.7.2]
	at org.junit.platform.engine.support.hierarchical.ThrowableCollector.execute(ThrowableCollector.java:73) ~[junit-platform-engine-1.7.2.jar:1.7.2]
	at org.junit.platform.engine.support.hierarchical.NodeTestTask.executeRecursively(NodeTestTask.java:126) ~[junit-platform-engine-1.7.2.jar:1.7.2]
	at org.junit.platform.engine.support.hierarchical.NodeTestTask.execute(NodeTestTask.java:84) ~[junit-platform-engine-1.7.2.jar:1.7.2]
	at java.base/java.util.ArrayList.forEach(ArrayList.java:1511) ~[na:na]
	at org.junit.platform.engine.support.hierarchical.SameThreadHierarchicalTestExecutorService.invokeAll(SameThreadHierarchicalTestExecutorService.java:38) ~[junit-platform-engine-1.7.2.jar:1.7.2]
	at org.junit.platform.engine.support.hierarchical.NodeTestTask.lambda$executeRecursively$5(NodeTestTask.java:143) ~[junit-platform-engine-1.7.2.jar:1.7.2]
	at org.junit.platform.engine.support.hierarchical.ThrowableCollector.execute(ThrowableCollector.java:73) ~[junit-platform-engine-1.7.2.jar:1.7.2]
	at org.junit.platform.engine.support.hierarchical.NodeTestTask.lambda$executeRecursively$7(NodeTestTask.java:129) ~[junit-platform-engine-1.7.2.jar:1.7.2]
	at org.junit.platform.engine.support.hierarchical.Node.around(Node.java:137) ~[junit-platform-engine-1.7.2.jar:1.7.2]
	at org.junit.platform.engine.support.hierarchical.NodeTestTask.lambda$executeRecursively$8(NodeTestTask.java:127) ~[junit-platform-engine-1.7.2.jar:1.7.2]
	at org.junit.platform.engine.support.hierarchical.ThrowableCollector.execute(ThrowableCollector.java:73) ~[junit-platform-engine-1.7.2.jar:1.7.2]
	at org.junit.platform.engine.support.hierarchical.NodeTestTask.executeRecursively(NodeTestTask.java:126) ~[junit-platform-engine-1.7.2.jar:1.7.2]
	at org.junit.platform.engine.support.hierarchical.NodeTestTask.execute(NodeTestTask.java:84) ~[junit-platform-engine-1.7.2.jar:1.7.2]
	at org.junit.platform.engine.support.hierarchical.SameThreadHierarchicalTestExecutorService.submit(SameThreadHierarchicalTestExecutorService.java:32) ~[junit-platform-engine-1.7.2.jar:1.7.2]
	at org.junit.platform.engine.support.hierarchical.HierarchicalTestExecutor.execute(HierarchicalTestExecutor.java:57) ~[junit-platform-engine-1.7.2.jar:1.7.2]
	at org.junit.platform.engine.support.hierarchical.HierarchicalTestEngine.execute(HierarchicalTestEngine.java:51) ~[junit-platform-engine-1.7.2.jar:1.7.2]
	at org.junit.platform.launcher.core.DefaultLauncher.execute(DefaultLauncher.java:220) ~[junit-platform-launcher-1.3.1.jar:1.3.1]
	at org.junit.platform.launcher.core.DefaultLauncher.lambda$execute$6(DefaultLauncher.java:188) ~[junit-platform-launcher-1.3.1.jar:1.3.1]
	at org.junit.platform.launcher.core.DefaultLauncher.withInterceptedStreams(DefaultLauncher.java:202) ~[junit-platform-launcher-1.3.1.jar:1.3.1]
	at org.junit.platform.launcher.core.DefaultLauncher.execute(DefaultLauncher.java:181) ~[junit-platform-launcher-1.3.1.jar:1.3.1]
	at org.junit.platform.launcher.core.DefaultLauncher.execute(DefaultLauncher.java:128) ~[junit-platform-launcher-1.3.1.jar:1.3.1]
	at org.apache.maven.surefire.junitplatform.JUnitPlatformProvider.invokeAllTests(JUnitPlatformProvider.java:150) ~[surefire-junit-platform-2.22.2.jar:2.22.2]
	at org.apache.maven.surefire.junitplatform.JUnitPlatformProvider.invoke(JUnitPlatformProvider.java:124) ~[surefire-junit-platform-2.22.2.jar:2.22.2]
	at org.apache.maven.surefire.booter.ForkedBooter.invokeProviderInSameClassLoader(ForkedBooter.java:384) ~[surefire-booter-2.22.2.jar:2.22.2]
	at org.apache.maven.surefire.booter.ForkedBooter.runSuitesInProcess(ForkedBooter.java:345) ~[surefire-booter-2.22.2.jar:2.22.2]
	at org.apache.maven.surefire.booter.ForkedBooter.execute(ForkedBooter.java:126) ~[surefire-booter-2.22.2.jar:2.22.2]
	at org.apache.maven.surefire.booter.ForkedBooter.main(ForkedBooter.java:418) ~[surefire-booter-2.22.2.jar:2.22.2]
Caused by: org.springframework.beans.factory.BeanCreationException: Error creating bean with name 'entityManagerFactory' defined in class path resource [org/springframework/boot/autoconfigure/orm/jpa/HibernateJpaConfiguration.class]: Invocation of init method failed; nested exception is javax.persistence.PersistenceException: [PersistenceUnit: default] Unable to build Hibernate SessionFactory; nested exception is org.hibernate.exception.JDBCConnectionException: Unable to open JDBC Connection for DDL execution
	at org.springframework.beans.factory.support.AbstractAutowireCapableBeanFactory.initializeBean(AbstractAutowireCapableBeanFactory.java:1786) ~[spring-beans-5.3.9.jar:5.3.9]
	at org.springframework.beans.factory.support.AbstractAutowireCapableBeanFactory.doCreateBean(AbstractAutowireCapableBeanFactory.java:602) ~[spring-beans-5.3.9.jar:5.3.9]
	at org.springframework.beans.factory.support.AbstractAutowireCapableBeanFactory.createBean(AbstractAutowireCapableBeanFactory.java:524) ~[spring-beans-5.3.9.jar:5.3.9]
	at org.springframework.beans.factory.support.AbstractBeanFactory.lambda$doGetBean$0(AbstractBeanFactory.java:335) ~[spring-beans-5.3.9.jar:5.3.9]
	at org.springframework.beans.factory.support.DefaultSingletonBeanRegistry.getSingleton(DefaultSingletonBeanRegistry.java:234) ~[spring-beans-5.3.9.jar:5.3.9]
	at org.springframework.beans.factory.support.AbstractBeanFactory.doGetBean(AbstractBeanFactory.java:333) ~[spring-beans-5.3.9.jar:5.3.9]
	at org.springframework.beans.factory.support.AbstractBeanFactory.getBean(AbstractBeanFactory.java:208) ~[spring-beans-5.3.9.jar:5.3.9]
	at org.springframework.context.support.AbstractApplicationContext.getBean(AbstractApplicationContext.java:1154) ~[spring-context-5.3.9.jar:5.3.9]
	at org.springframework.context.support.AbstractApplicationContext.finishBeanFactoryInitialization(AbstractApplicationContext.java:908) ~[spring-context-5.3.9.jar:5.3.9]
	at org.springframework.context.support.AbstractApplicationContext.refresh(AbstractApplicationContext.java:583) ~[spring-context-5.3.9.jar:5.3.9]
	at org.springframework.boot.SpringApplication.refresh(SpringApplication.java:754) ~[spring-boot-2.5.3.jar:2.5.3]
	at org.springframework.boot.SpringApplication.refreshContext(SpringApplication.java:434) ~[spring-boot-2.5.3.jar:2.5.3]
	at org.springframework.boot.SpringApplication.run(SpringApplication.java:338) ~[spring-boot-2.5.3.jar:2.5.3]
	at org.springframework.boot.test.context.SpringBootContextLoader.loadContext(SpringBootContextLoader.java:123) ~[spring-boot-test-2.5.3.jar:2.5.3]
	at org.springframework.test.context.cache.DefaultCacheAwareContextLoaderDelegate.loadContextInternal(DefaultCacheAwareContextLoaderDelegate.java:99) ~[spring-test-5.3.9.jar:5.3.9]
	at org.springframework.test.context.cache.DefaultCacheAwareContextLoaderDelegate.loadContext(DefaultCacheAwareContextLoaderDelegate.java:124) ~[spring-test-5.3.9.jar:5.3.9]
	... 67 common frames omitted
Caused by: javax.persistence.PersistenceException: [PersistenceUnit: default] Unable to build Hibernate SessionFactory; nested exception is org.hibernate.exception.JDBCConnectionException: Unable to open JDBC Connection for DDL execution
	at org.springframework.orm.jpa.AbstractEntityManagerFactoryBean.buildNativeEntityManagerFactory(AbstractEntityManagerFactoryBean.java:421) ~[spring-orm-5.3.9.jar:5.3.9]
	at org.springframework.orm.jpa.AbstractEntityManagerFactoryBean.afterPropertiesSet(AbstractEntityManagerFactoryBean.java:396) ~[spring-orm-5.3.9.jar:5.3.9]
	at org.springframework.orm.jpa.LocalContainerEntityManagerFactoryBean.afterPropertiesSet(LocalContainerEntityManagerFactoryBean.java:341) ~[spring-orm-5.3.9.jar:5.3.9]
	at org.springframework.beans.factory.support.AbstractAutowireCapableBeanFactory.invokeInitMethods(AbstractAutowireCapableBeanFactory.java:1845) ~[spring-beans-5.3.9.jar:5.3.9]
	at org.springframework.beans.factory.support.AbstractAutowireCapableBeanFactory.initializeBean(AbstractAutowireCapableBeanFactory.java:1782) ~[spring-beans-5.3.9.jar:5.3.9]
	... 82 common frames omitted
Caused by: org.hibernate.exception.JDBCConnectionException: Unable to open JDBC Connection for DDL execution
	at org.hibernate.exception.internal.SQLExceptionTypeDelegate.convert(SQLExceptionTypeDelegate.java:48) ~[hibernate-core-5.4.32.Final.jar:5.4.32.Final]
	at org.hibernate.exception.internal.StandardSQLExceptionConverter.convert(StandardSQLExceptionConverter.java:42) ~[hibernate-core-5.4.32.Final.jar:5.4.32.Final]
	at org.hibernate.engine.jdbc.spi.SqlExceptionHelper.convert(SqlExceptionHelper.java:113) ~[hibernate-core-5.4.32.Final.jar:5.4.32.Final]
	at org.hibernate.engine.jdbc.spi.SqlExceptionHelper.convert(SqlExceptionHelper.java:99) ~[hibernate-core-5.4.32.Final.jar:5.4.32.Final]
	at org.hibernate.resource.transaction.backend.jdbc.internal.DdlTransactionIsolatorNonJtaImpl.getIsolatedConnection(DdlTransactionIsolatorNonJtaImpl.java:69) ~[hibernate-core-5.4.32.Final.jar:5.4.32.Final]
	at org.hibernate.tool.schema.internal.exec.ImprovedExtractionContextImpl.getJdbcConnection(ImprovedExtractionContextImpl.java:60) ~[hibernate-core-5.4.32.Final.jar:5.4.32.Final]
	at org.hibernate.tool.schema.internal.exec.ImprovedExtractionContextImpl.getJdbcDatabaseMetaData(ImprovedExtractionContextImpl.java:67) ~[hibernate-core-5.4.32.Final.jar:5.4.32.Final]
	at org.hibernate.tool.schema.extract.internal.InformationExtractorJdbcDatabaseMetaDataImpl.getTables(InformationExtractorJdbcDatabaseMetaDataImpl.java:333) ~[hibernate-core-5.4.32.Final.jar:5.4.32.Final]
	at org.hibernate.tool.schema.extract.internal.DatabaseInformationImpl.getTablesInformation(DatabaseInformationImpl.java:120) ~[hibernate-core-5.4.32.Final.jar:5.4.32.Final]
	at org.hibernate.tool.schema.internal.GroupedSchemaMigratorImpl.performTablesMigration(GroupedSchemaMigratorImpl.java:65) ~[hibernate-core-5.4.32.Final.jar:5.4.32.Final]
	at org.hibernate.tool.schema.internal.AbstractSchemaMigrator.performMigration(AbstractSchemaMigrator.java:207) ~[hibernate-core-5.4.32.Final.jar:5.4.32.Final]
	at org.hibernate.tool.schema.internal.AbstractSchemaMigrator.doMigration(AbstractSchemaMigrator.java:114) ~[hibernate-core-5.4.32.Final.jar:5.4.32.Final]
	at org.hibernate.tool.schema.spi.SchemaManagementToolCoordinator.performDatabaseAction(SchemaManagementToolCoordinator.java:184) ~[hibernate-core-5.4.32.Final.jar:5.4.32.Final]
	at org.hibernate.tool.schema.spi.SchemaManagementToolCoordinator.process(SchemaManagementToolCoordinator.java:73) ~[hibernate-core-5.4.32.Final.jar:5.4.32.Final]
	at org.hibernate.internal.SessionFactoryImpl.<init>(SessionFactoryImpl.java:318) ~[hibernate-core-5.4.32.Final.jar:5.4.32.Final]
	at org.hibernate.boot.internal.SessionFactoryBuilderImpl.build(SessionFactoryBuilderImpl.java:468) ~[hibernate-core-5.4.32.Final.jar:5.4.32.Final]
	at org.hibernate.jpa.boot.internal.EntityManagerFactoryBuilderImpl.build(EntityManagerFactoryBuilderImpl.java:1259) ~[hibernate-core-5.4.32.Final.jar:5.4.32.Final]
	at org.springframework.orm.jpa.vendor.SpringHibernateJpaPersistenceProvider.createContainerEntityManagerFactory(SpringHibernateJpaPersistenceProvider.java:58) ~[spring-orm-5.3.9.jar:5.3.9]
	at org.springframework.orm.jpa.LocalContainerEntityManagerFactoryBean.createNativeEntityManagerFactory(LocalContainerEntityManagerFactoryBean.java:365) ~[spring-orm-5.3.9.jar:5.3.9]
	at org.springframework.orm.jpa.AbstractEntityManagerFactoryBean.buildNativeEntityManagerFactory(AbstractEntityManagerFactoryBean.java:409) ~[spring-orm-5.3.9.jar:5.3.9]
	... 86 common frames omitted
Caused by: java.sql.SQLNonTransientConnectionException: Could not create connection to database server. Attempted reconnect 3 times. Giving up.
	at com.mysql.cj.jdbc.exceptions.SQLError.createSQLException(SQLError.java:110) ~[mysql-connector-java-8.0.26.jar:8.0.26]
	at com.mysql.cj.jdbc.exceptions.SQLError.createSQLException(SQLError.java:97) ~[mysql-connector-java-8.0.26.jar:8.0.26]
	at com.mysql.cj.jdbc.exceptions.SQLError.createSQLException(SQLError.java:89) ~[mysql-connector-java-8.0.26.jar:8.0.26]
	at com.mysql.cj.jdbc.exceptions.SQLError.createSQLException(SQLError.java:63) ~[mysql-connector-java-8.0.26.jar:8.0.26]
	at com.mysql.cj.jdbc.exceptions.SQLError.createSQLException(SQLError.java:73) ~[mysql-connector-java-8.0.26.jar:8.0.26]
	at com.mysql.cj.jdbc.ConnectionImpl.connectWithRetries(ConnectionImpl.java:898) ~[mysql-connector-java-8.0.26.jar:8.0.26]
	at com.mysql.cj.jdbc.ConnectionImpl.createNewIO(ConnectionImpl.java:823) ~[mysql-connector-java-8.0.26.jar:8.0.26]
	at com.mysql.cj.jdbc.ConnectionImpl.<init>(ConnectionImpl.java:448) ~[mysql-connector-java-8.0.26.jar:8.0.26]
	at com.mysql.cj.jdbc.ConnectionImpl.getInstance(ConnectionImpl.java:241) ~[mysql-connector-java-8.0.26.jar:8.0.26]
	at com.mysql.cj.jdbc.NonRegisteringDriver.connect(NonRegisteringDriver.java:198) ~[mysql-connector-java-8.0.26.jar:8.0.26]
	at com.zaxxer.hikari.util.DriverDataSource.getConnection(DriverDataSource.java:138) ~[HikariCP-4.0.3.jar:na]
	at com.zaxxer.hikari.pool.PoolBase.newConnection(PoolBase.java:364) ~[HikariCP-4.0.3.jar:na]
	at com.zaxxer.hikari.pool.PoolBase.newPoolEntry(PoolBase.java:206) ~[HikariCP-4.0.3.jar:na]
	at com.zaxxer.hikari.pool.HikariPool.createPoolEntry(HikariPool.java:476) ~[HikariCP-4.0.3.jar:na]
	at com.zaxxer.hikari.pool.HikariPool.checkFailFast(HikariPool.java:561) ~[HikariCP-4.0.3.jar:na]
	at com.zaxxer.hikari.pool.HikariPool.<init>(HikariPool.java:115) ~[HikariCP-4.0.3.jar:na]
	at com.zaxxer.hikari.HikariDataSource.getConnection(HikariDataSource.java:112) ~[HikariCP-4.0.3.jar:na]
	at org.hibernate.engine.jdbc.connections.internal.DatasourceConnectionProviderImpl.getConnection(DatasourceConnectionProviderImpl.java:122) ~[hibernate-core-5.4.32.Final.jar:5.4.32.Final]
	at org.hibernate.engine.jdbc.env.internal.JdbcEnvironmentInitiator$ConnectionProviderJdbcConnectionAccess.obtainConnection(JdbcEnvironmentInitiator.java:180) ~[hibernate-core-5.4.32.Final.jar:5.4.32.Final]
	at org.hibernate.resource.transaction.backend.jdbc.internal.DdlTransactionIsolatorNonJtaImpl.getIsolatedConnection(DdlTransactionIsolatorNonJtaImpl.java:43) ~[hibernate-core-5.4.32.Final.jar:5.4.32.Final]
	... 101 common frames omitted
Caused by: com.mysql.cj.exceptions.CJCommunicationsException: Communications link failure

The last packet sent successfully to the server was 0 milliseconds ago. The driver has not received any packets from the server.
	at java.base/jdk.internal.reflect.DirectConstructorHandleAccessor.newInstance(DirectConstructorHandleAccessor.java:67) ~[na:na]
	at java.base/java.lang.reflect.Constructor.newInstanceWithCaller(Constructor.java:500) ~[na:na]
	at java.base/java.lang.reflect.Constructor.newInstance(Constructor.java:484) ~[na:na]
	at com.mysql.cj.exceptions.ExceptionFactory.createException(ExceptionFactory.java:61) ~[mysql-connector-java-8.0.26.jar:8.0.26]
	at com.mysql.cj.exceptions.ExceptionFactory.createException(ExceptionFactory.java:105) ~[mysql-connector-java-8.0.26.jar:8.0.26]
	at com.mysql.cj.exceptions.ExceptionFactory.createException(ExceptionFactory.java:151) ~[mysql-connector-java-8.0.26.jar:8.0.26]
	at com.mysql.cj.exceptions.ExceptionFactory.createCommunicationsException(ExceptionFactory.java:167) ~[mysql-connector-java-8.0.26.jar:8.0.26]
	at com.mysql.cj.protocol.a.NativeSocketConnection.connect(NativeSocketConnection.java:89) ~[mysql-connector-java-8.0.26.jar:8.0.26]
	at com.mysql.cj.NativeSession.connect(NativeSession.java:119) ~[mysql-connector-java-8.0.26.jar:8.0.26]
	at com.mysql.cj.jdbc.ConnectionImpl.connectWithRetries(ConnectionImpl.java:842) ~[mysql-connector-java-8.0.26.jar:8.0.26]
	... 115 common frames omitted
Caused by: java.net.UnknownHostException: mysqldb
	at java.base/java.net.InetAddress$CachedAddresses.get(InetAddress.java:952) ~[na:na]
	at java.base/java.net.InetAddress.getAllByName0(InetAddress.java:1658) ~[na:na]
	at java.base/java.net.InetAddress.getAllByName(InetAddress.java:1524) ~[na:na]
	at com.mysql.cj.protocol.StandardSocketFactory.connect(StandardSocketFactory.java:133) ~[mysql-connector-java-8.0.26.jar:8.0.26]
	at com.mysql.cj.protocol.a.NativeSocketConnection.connect(NativeSocketConnection.java:63) ~[mysql-connector-java-8.0.26.jar:8.0.26]
	... 117 common frames omitted

]]></system-out>
  </testcase>
</testsuite>